#
# There is insufficient memory for the Java Runtime Environment to continue.
# Native memory allocation (malloc) failed to allocate 1048576 bytes for AllocateHeap
# Possible reasons:
#   The system is out of physical RAM or swap space
#   The process is running with CompressedOops enabled, and the Java Heap may be blocking the growth of the native heap
# Possible solutions:
#   Reduce memory load on the system
#   Increase physical memory or swap space
#   Check if swap backing store is full
#   Decrease Java heap size (-Xmx/-Xms)
#   Decrease number of Java threads
#   Decrease Java thread stack sizes (-Xss)
#   Set larger code cache with -XX:ReservedCodeCacheSize=
#   JVM is running with Unscaled Compressed Oops mode in which the Java heap is
#     placed in the first 4GB address space. The Java Heap base address is the
#     maximum limit for the native heap growth. Please use -XX:HeapBaseMinAddress
#     to set the Java Heap base and to place the Java Heap above 4GB virtual address.
# This output file may be truncated or incomplete.
#
#  Out of Memory Error (allocation.cpp:44), pid=9540, tid=1872
#
# JRE version: Java(TM) SE Runtime Environment (17.0.2+8) (build 17.0.2+8-LTS-86)
# Java VM: Java HotSpot(TM) 64-Bit Server VM (17.0.2+8-LTS-86, mixed mode, emulated-client, sharing, tiered, compressed oops, compressed class ptrs, g1 gc, windows-amd64)
# No core dump will be written. Minidumps are not enabled by default on client versions of Windows
#

---------------  S U M M A R Y ------------

Command Line: -XX:TieredStopAtLevel=1 -Xverify:none -XX:TieredStopAtLevel=1 com.CIMSYS.CimsysApplication

Host: AMD A4-5000 APU with Radeon(TM) HD Graphics    , 4 cores, 7G,  Windows 10 , 64 bit Build 19041 (10.0.19041.1503)
Time: Tue Feb 15 00:54:22 2022 Hora estándar, América Central elapsed time: 21928.826134 seconds (0d 6h 5m 28s)

---------------  T H R E A D  ---------------

Current thread (0x000002630f75e290):  VMThread "VM Thread" [stack: 0x000000965a100000,0x000000965a200000] [id=1872]

Stack: [0x000000965a100000,0x000000965a200000]
Native frames: (J=compiled Java code, j=interpreted, Vv=VM code, C=native code)
V  [jvm.dll+0x670baa]
V  [jvm.dll+0x7cfcb4]
V  [jvm.dll+0x7d145e]
V  [jvm.dll+0x7d1ac3]
V  [jvm.dll+0x242bc5]
V  [jvm.dll+0xa4b93]
V  [jvm.dll+0x2f1f53]
V  [jvm.dll+0x2ede30]
V  [jvm.dll+0x2d6637]
V  [jvm.dll+0x319187]
V  [jvm.dll+0x7d5f9b]
V  [jvm.dll+0x7d6cd4]
V  [jvm.dll+0x7d71ec]
V  [jvm.dll+0x7d75c4]
V  [jvm.dll+0x7d7690]
V  [jvm.dll+0x77ff7a]
V  [jvm.dll+0x66fa35]
C  [ucrtbase.dll+0x21bb2]
C  [KERNEL32.DLL+0x17034]
C  [ntdll.dll+0x52651]

VM_Operation (0x000000965c0ff0b0): G1CollectFull, mode: safepoint, requested by thread 0x00000263208c3750


---------------  P R O C E S S  ---------------

Threads class SMR info:
_java_thread_list=0x0000026322e61f60, length=13, elements={
0x00000263208186f0, 0x0000026320819360, 0x000002632082cfa0, 0x000002632082d950,
0x000002632082e300, 0x0000026320831470, 0x0000026320832c10, 0x000002632083e240,
0x0000026321460590, 0x00000263214618d0, 0x0000026321461400, 0x000002632145fbf0,
0x00000263208c3750
}

Java Threads: ( => current thread )
  0x00000263208186f0 JavaThread "Reference Handler" daemon [_thread_blocked, id=4628, stack(0x000000965a200000,0x000000965a300000)]
  0x0000026320819360 JavaThread "Finalizer" daemon [_thread_blocked, id=6764, stack(0x000000965a300000,0x000000965a400000)]
  0x000002632082cfa0 JavaThread "Signal Dispatcher" daemon [_thread_blocked, id=10100, stack(0x000000965a400000,0x000000965a500000)]
  0x000002632082d950 JavaThread "Attach Listener" daemon [_thread_blocked, id=6328, stack(0x000000965a500000,0x000000965a600000)]
  0x000002632082e300 JavaThread "Service Thread" daemon [_thread_blocked, id=15020, stack(0x000000965a600000,0x000000965a700000)]
  0x0000026320831470 JavaThread "Monitor Deflation Thread" daemon [_thread_blocked, id=14916, stack(0x000000965a700000,0x000000965a800000)]
  0x0000026320832c10 JavaThread "C1 CompilerThread0" daemon [_thread_blocked, id=3760, stack(0x000000965a800000,0x000000965a900000)]
  0x000002632083e240 JavaThread "Sweeper thread" daemon [_thread_blocked, id=2700, stack(0x000000965a900000,0x000000965aa00000)]
  0x0000026321460590 JavaThread "Notification Thread" daemon [_thread_blocked, id=15924, stack(0x000000965aa00000,0x000000965ab00000)]
  0x00000263214618d0 JavaThread "Common-Cleaner" daemon [_thread_blocked, id=15052, stack(0x000000965ac00000,0x000000965ad00000)]
  0x0000026321461400 JavaThread "Live Reload Server" daemon [_thread_in_native, id=15388, stack(0x000000965ba00000,0x000000965bb00000)]
  0x000002632145fbf0 JavaThread "DestroyJavaVM" [_thread_blocked, id=11812, stack(0x0000009659b00000,0x0000009659c00000)]
  0x00000263208c3750 JavaThread "Thread-19" [_thread_blocked, id=5776, stack(0x000000965c000000,0x000000965c100000)]

Other Threads:
=>0x000002630f75e290 VMThread "VM Thread" [stack: 0x000000965a100000,0x000000965a200000] [id=1872]
  0x00000263214646f0 WatcherThread [stack: 0x000000965ab00000,0x000000965ac00000] [id=8260]
  0x000002630f6bff60 GCTaskThread "GC Thread#0" [stack: 0x0000009659c00000,0x0000009659d00000] [id=14256]
  0x00000263217b2d70 GCTaskThread "GC Thread#1" [stack: 0x000000965af00000,0x000000965b000000] [id=5492]
  0x00000263219ead90 GCTaskThread "GC Thread#2" [stack: 0x000000965b000000,0x000000965b100000] [id=5980]
  0x00000263219ec450 GCTaskThread "GC Thread#3" [stack: 0x000000965b100000,0x000000965b200000] [id=2920]
  0x000002630f6cfd60 ConcurrentGCThread "G1 Main Marker" [stack: 0x0000009659d00000,0x0000009659e00000] [id=15272]
  0x000002630f6d0f10 ConcurrentGCThread "G1 Conc#0" [stack: 0x0000009659e00000,0x0000009659f00000] [id=12068]
  0x000002630f737730 ConcurrentGCThread "G1 Refine#0" [stack: 0x0000009659f00000,0x000000965a000000] [id=10344]
  0x00000263217b3020 ConcurrentGCThread "G1 Refine#1" [stack: 0x000000965b200000,0x000000965b300000] [id=14344]
  0x0000026322ca7fc0 ConcurrentGCThread "G1 Refine#2" [stack: 0x000000965bf00000,0x000000965c000000] [id=1252]
  0x000002630f738150 ConcurrentGCThread "G1 Service" [stack: 0x000000965a000000,0x000000965a100000] [id=4212]

Threads with active compile tasks:

VM state: at safepoint (normal execution)

VM Mutex/Monitor currently owned by a thread:  ([mutex/lock_event])
[0x000002630d6ba4a0] Threads_lock - owner thread: 0x000002630f75e290
[0x000002630d6bba90] Heap_lock - owner thread: 0x00000263208c3750

Heap address: 0x0000000088a00000, size: 1910 MB, Compressed Oops mode: 32-bit

CDS archive(s) mapped at: [0x0000000800000000-0x0000000800bc0000-0x0000000800bc0000), size 12320768, SharedBaseAddress: 0x0000000800000000, ArchiveRelocationMode: 0.
Compressed class space mapped at: 0x0000000800c00000-0x0000000840c00000, reserved size: 1073741824
Narrow klass base: 0x0000000800000000, Narrow klass shift: 0, Narrow klass range: 0x100000000

GC Precious Log:
 CPUs: 4 total, 4 available
 Memory: 7637M
 Large Page Support: Disabled
 NUMA Support: Disabled
 Compressed Oops: Enabled (32-bit)
 Heap Region Size: 1M
 Heap Min Capacity: 8M
 Heap Initial Capacity: 120M
 Heap Max Capacity: 1910M
 Pre-touch: Disabled
 Parallel Workers: 4
 Concurrent Workers: 1
 Concurrent Refinement Workers: 4
 Periodic GC: Disabled

Heap:
 garbage-first heap   total 34816K, used 16357K [0x0000000088a00000, 0x0000000100000000)
  region size 1024K, 5 young (5120K), 1 survivors (1024K)
 Metaspace       used 24704K, committed 25152K, reserved 1073152K
  class space    used 3324K, committed 3520K, reserved 1048576K

Heap Regions: E=young(eden), S=young(survivor), O=old, HS=humongous(starts), HC=humongous(continues), CS=collection set, F=free, OA=open archive, CA=closed archive, TAMS=top-at-mark-start (previous, next)
|   0|0x0000000088a00000, 0x0000000088afffe8, 0x0000000088b00000| 99%| O|  |TAMS 0x0000000088afffe8, 0x0000000088a00000| Untracked 
|   1|0x0000000088b00000, 0x0000000088be5750, 0x0000000088c00000| 89%| O|  |TAMS 0x0000000088b00000, 0x0000000088b00000| Untracked 
|   2|0x0000000088c00000, 0x0000000088cffff8, 0x0000000088d00000| 99%| O|  |TAMS 0x0000000088cffff8, 0x0000000088c00000| Untracked 
|   3|0x0000000088d00000, 0x0000000088e00000, 0x0000000088e00000|100%| O|  |TAMS 0x0000000088e00000, 0x0000000088d00000| Untracked 
|   4|0x0000000088e00000, 0x0000000088f00000, 0x0000000088f00000|100%| O|  |TAMS 0x0000000088f00000, 0x0000000088e00000| Untracked 
|   5|0x0000000088f00000, 0x0000000088ffff30, 0x0000000089000000| 99%| O|  |TAMS 0x0000000088ffff30, 0x0000000088f00000| Untracked 
|   6|0x0000000089000000, 0x00000000890fffe8, 0x0000000089100000| 99%| O|  |TAMS 0x0000000089000000, 0x0000000089000000| Untracked 
|   7|0x0000000089100000, 0x00000000891b38c8, 0x0000000089200000| 70%| O|  |TAMS 0x0000000089100000, 0x0000000089100000| Untracked 
|   8|0x0000000089200000, 0x0000000089300000, 0x0000000089300000|100%| O|  |TAMS 0x0000000089200000, 0x0000000089200000| Untracked 
|   9|0x0000000089300000, 0x00000000893fdf58, 0x0000000089400000| 99%| O|  |TAMS 0x00000000893fdf58, 0x0000000089300000| Untracked 
|  10|0x0000000089400000, 0x0000000089500000, 0x0000000089500000|100%| O|  |TAMS 0x0000000089400000, 0x0000000089400000| Untracked 
|  11|0x0000000089500000, 0x0000000089600000, 0x0000000089600000|100%| O|  |TAMS 0x0000000089500000, 0x0000000089500000| Untracked 
|  12|0x0000000089600000, 0x0000000089700000, 0x0000000089700000|100%| O|  |TAMS 0x0000000089700000, 0x0000000089600000| Untracked 
|  13|0x0000000089700000, 0x0000000089700000, 0x0000000089800000|  0%| F|  |TAMS 0x0000000089700000, 0x0000000089700000| Untracked 
|  14|0x0000000089800000, 0x0000000089800000, 0x0000000089900000|  0%| F|  |TAMS 0x0000000089800000, 0x0000000089800000| Untracked 
|  15|0x0000000089900000, 0x0000000089900000, 0x0000000089a00000|  0%| F|  |TAMS 0x0000000089900000, 0x0000000089900000| Untracked 
|  16|0x0000000089a00000, 0x0000000089a00000, 0x0000000089b00000|  0%| F|  |TAMS 0x0000000089a00000, 0x0000000089a00000| Untracked 
|  17|0x0000000089b00000, 0x0000000089b62660, 0x0000000089c00000| 38%| S|CS|TAMS 0x0000000089b00000, 0x0000000089b00000| Complete 
|  18|0x0000000089c00000, 0x0000000089c00000, 0x0000000089d00000|  0%| F|  |TAMS 0x0000000089c00000, 0x0000000089c00000| Untracked 
|  19|0x0000000089d00000, 0x0000000089d00000, 0x0000000089e00000|  0%| F|  |TAMS 0x0000000089d00000, 0x0000000089d00000| Untracked 
|  20|0x0000000089e00000, 0x0000000089e00000, 0x0000000089f00000|  0%| F|  |TAMS 0x0000000089e00000, 0x0000000089e00000| Untracked 
|  21|0x0000000089f00000, 0x0000000089f00000, 0x000000008a000000|  0%| F|  |TAMS 0x0000000089f00000, 0x0000000089f00000| Untracked 
|  22|0x000000008a000000, 0x000000008a000000, 0x000000008a100000|  0%| F|  |TAMS 0x000000008a000000, 0x000000008a000000| Untracked 
|  23|0x000000008a100000, 0x000000008a100000, 0x000000008a200000|  0%| F|  |TAMS 0x000000008a100000, 0x000000008a100000| Untracked 
|  24|0x000000008a200000, 0x000000008a200000, 0x000000008a300000|  0%| F|  |TAMS 0x000000008a200000, 0x000000008a200000| Untracked 
|  25|0x000000008a300000, 0x000000008a300000, 0x000000008a400000|  0%| F|  |TAMS 0x000000008a300000, 0x000000008a300000| Untracked 
|  26|0x000000008a400000, 0x000000008a400000, 0x000000008a500000|  0%| F|  |TAMS 0x000000008a400000, 0x000000008a400000| Untracked 
|  27|0x000000008a500000, 0x000000008a500000, 0x000000008a600000|  0%| F|  |TAMS 0x000000008a500000, 0x000000008a500000| Untracked 
|  28|0x000000008a600000, 0x000000008a600000, 0x000000008a700000|  0%| F|  |TAMS 0x000000008a600000, 0x000000008a600000| Untracked 
|  29|0x000000008a700000, 0x000000008a700000, 0x000000008a800000|  0%| F|  |TAMS 0x000000008a700000, 0x000000008a700000| Untracked 
|  30|0x000000008a800000, 0x000000008a809770, 0x000000008a900000|  3%| E|  |TAMS 0x000000008a800000, 0x000000008a800000| Complete 
|  31|0x000000008a900000, 0x000000008aa00000, 0x000000008aa00000|100%| E|CS|TAMS 0x000000008a900000, 0x000000008a900000| Complete 
|  32|0x000000008aa00000, 0x000000008ab00000, 0x000000008ab00000|100%| E|CS|TAMS 0x000000008aa00000, 0x000000008aa00000| Complete 
|  33|0x000000008ab00000, 0x000000008ac00000, 0x000000008ac00000|100%| E|CS|TAMS 0x000000008ab00000, 0x000000008ab00000| Complete 

Card table byte_map: [0x000002631a2a0000,0x000002631a660000] _byte_map_base: 0x0000026319e5b000

Marking Bits (Prev, Next): (CMBitMap*) 0x000002630f6c05b0, (CMBitMap*) 0x000002630f6c0570
 Prev Bits: [0x000002631c800000, 0x000002631e5d8000)
 Next Bits: [0x000002631aa20000, 0x000002631c7f8000)

Polling page: 0x000002630d550000

Metaspace:

Usage:
  Non-class:     20.88 MB used.
      Class:      3.25 MB used.
       Both:     24.13 MB used.

Virtual space:
  Non-class space:       24.00 MB reserved,      21.12 MB ( 88%) committed,  3 nodes.
      Class space:        1.00 GB reserved,       3.44 MB ( <1%) committed,  1 nodes.
             Both:        1.02 GB reserved,      24.56 MB (  2%) committed. 

Chunk freelists:
   Non-Class:  2.61 MB
       Class:  446.00 KB
        Both:  3.04 MB

MaxMetaspaceSize: unlimited
CompressedClassSpaceSize: 1.00 GB
Initial GC threshold: 21.00 MB
Current GC threshold: 40.62 MB
CDS: on
MetaspaceReclaimPolicy: balanced
 - commit_granule_bytes: 65536.
 - commit_granule_words: 8192.
 - virtual_space_node_default_size: 1048576.
 - enlarge_chunks_in_place: 1.
 - new_chunks_are_fully_committed: 0.
 - uncommit_free_chunks: 1.
 - use_allocation_guard: 0.
 - handle_deallocations: 1.


Internal statistics:

num_allocs_failed_limit: 3.
num_arena_births: 504.
num_arena_deaths: 94.
num_vsnodes_births: 4.
num_vsnodes_deaths: 0.
num_space_committed: 393.
num_space_uncommitted: 0.
num_chunks_returned_to_freelist: 120.
num_chunks_taken_from_freelist: 1460.
num_chunk_merges: 19.
num_chunk_splits: 883.
num_chunks_enlarged: 607.
num_purges: 8.
num_inconsistent_stats: 0.

CodeCache: size=49152Kb used=11555Kb max_used=12303Kb free=37596Kb
 bounds [0x0000026316ee0000, 0x0000026317b10000, 0x0000026319ee0000]
 total_blobs=6665 nmethods=6174 adapters=419
 compilation: enabled
              stopped_count=0, restarted_count=0
 full_count=0

Compilation events (20 events):
Event: 21864.524 Thread 0x0000026320832c10 6179       1       java.nio.charset.CharsetDecoder::<init> (10 bytes)
Event: 21864.525 Thread 0x0000026320832c10 nmethod 6179 0x0000026317addf10 code [0x0000026317ade0a0, 0x0000026317ade188]
Event: 21864.526 Thread 0x0000026320832c10 6180       1       org.apache.catalina.core.ApplicationHttpRequest::setSpecial (39 bytes)
Event: 21864.528 Thread 0x0000026320832c10 nmethod 6180 0x0000026317add910 code [0x0000026317addac0, 0x0000026317addd48]
Event: 21864.528 Thread 0x0000026320832c10 6181       1       org.apache.catalina.core.ApplicationHttpRequest::getAttribute (105 bytes)
Event: 21864.531 Thread 0x0000026320832c10 nmethod 6181 0x0000026317add110 code [0x0000026317add320, 0x0000026317add6b8]
Event: 21864.556 Thread 0x0000026320832c10 6182       1       org.apache.catalina.webresources.AbstractResourceSet::getStaticOnly (5 bytes)
Event: 21864.557 Thread 0x0000026320832c10 nmethod 6182 0x0000026317adce10 code [0x0000026317adcfa0, 0x0000026317add078]
Event: 21864.652 Thread 0x0000026320832c10 6183       1       java.util.Calendar::setTimeInMillis (84 bytes)
Event: 21864.653 Thread 0x0000026320832c10 nmethod 6183 0x0000026317adc990 code [0x0000026317adcb40, 0x0000026317adcd48]
Event: 21907.040 Thread 0x0000026320832c10 6184       1       sun.net.ext.ExtendedSocketOptions::options (5 bytes)
Event: 21907.041 Thread 0x0000026320832c10 nmethod 6184 0x0000026317adc690 code [0x0000026317adc820, 0x0000026317adc8f8]
Event: 21917.521 Thread 0x0000026320832c10 6185       1       org.springframework.boot.devtools.restart.AgentReloader::isActive (43 bytes)
Event: 21917.525 Thread 0x0000026320832c10 nmethod 6185 0x0000026317adbf90 code [0x0000026317adc180, 0x0000026317adc498]
Event: 21926.260 Thread 0x0000026320832c10 6186       1       sun.nio.ch.SelectionKeyImpl::registeredEvents (5 bytes)
Event: 21926.260 Thread 0x0000026320832c10 nmethod 6186 0x0000026317adbc90 code [0x0000026317adbe20, 0x0000026317adbef8]
Event: 21928.771 Thread 0x0000026320832c10 6188  s    1       org.apache.catalina.util.LifecycleBase::setState (8 bytes)
Event: 21928.772 Thread 0x0000026320832c10 nmethod 6188 0x0000026317adb490 code [0x0000026317adb620, 0x0000026317adb7a8]
Event: 21928.774 Thread 0x0000026320832c10 6189       1       org.apache.coyote.AbstractProtocol$RecycledProcessors::pop (22 bytes)
Event: 21928.777 Thread 0x0000026320832c10 nmethod 6189 0x0000026317adb090 code [0x0000026317adb220, 0x0000026317adb388]

GC Heap History (20 events):
Event: 18096.277 GC heap before
{Heap before GC invocations=45 (full 3):
 garbage-first heap   total 34816K, used 26558K [0x0000000088a00000, 0x0000000100000000)
  region size 1024K, 14 young (14336K), 1 survivors (1024K)
 Metaspace       used 24684K, committed 25024K, reserved 1073152K
  class space    used 3318K, committed 3456K, reserved 1048576K
}
Event: 18096.278 GC heap after
{Heap after GC invocations=46 (full 3):
 garbage-first heap   total 34816K, used 13246K [0x0000000088a00000, 0x0000000100000000)
  region size 1024K, 1 young (1024K), 1 survivors (1024K)
 Metaspace       used 24684K, committed 25024K, reserved 1073152K
  class space    used 3318K, committed 3456K, reserved 1048576K
}
Event: 18239.243 GC heap before
{Heap before GC invocations=46 (full 3):
 garbage-first heap   total 34816K, used 16318K [0x0000000088a00000, 0x0000000100000000)
  region size 1024K, 5 young (5120K), 1 survivors (1024K)
 Metaspace       used 24687K, committed 25024K, reserved 1073152K
  class space    used 3319K, committed 3456K, reserved 1048576K
}
Event: 18243.542 GC heap after
{Heap after GC invocations=47 (full 4):
 garbage-first heap   total 34816K, used 9819K [0x0000000088a00000, 0x0000000100000000)
  region size 1024K, 0 young (0K), 0 survivors (0K)
 Metaspace       used 24629K, committed 25024K, reserved 1073152K
  class space    used 3307K, committed 3456K, reserved 1048576K
}
Event: 18246.444 GC heap before
{Heap before GC invocations=47 (full 4):
 garbage-first heap   total 34816K, used 29275K [0x0000000088a00000, 0x0000000100000000)
  region size 1024K, 19 young (19456K), 0 survivors (0K)
 Metaspace       used 24692K, committed 25088K, reserved 1073152K
  class space    used 3322K, committed 3456K, reserved 1048576K
}
Event: 18246.456 GC heap after
{Heap after GC invocations=48 (full 4):
 garbage-first heap   total 34816K, used 11944K [0x0000000088a00000, 0x0000000100000000)
  region size 1024K, 3 young (3072K), 3 survivors (3072K)
 Metaspace       used 24692K, committed 25088K, reserved 1073152K
  class space    used 3322K, committed 3456K, reserved 1048576K
}
Event: 18565.744 GC heap before
{Heap before GC invocations=48 (full 4):
 garbage-first heap   total 34816K, used 26280K [0x0000000088a00000, 0x0000000100000000)
  region size 1024K, 17 young (17408K), 3 survivors (3072K)
 Metaspace       used 24701K, committed 25088K, reserved 1073152K
  class space    used 3324K, committed 3456K, reserved 1048576K
}
Event: 18565.764 GC heap after
{Heap after GC invocations=49 (full 4):
 garbage-first heap   total 34816K, used 12941K [0x0000000088a00000, 0x0000000100000000)
  region size 1024K, 2 young (2048K), 2 survivors (2048K)
 Metaspace       used 24701K, committed 25088K, reserved 1073152K
  class space    used 3324K, committed 3456K, reserved 1048576K
}
Event: 19103.624 GC heap before
{Heap before GC invocations=49 (full 4):
 garbage-first heap   total 34816K, used 26253K [0x0000000088a00000, 0x0000000100000000)
  region size 1024K, 15 young (15360K), 2 survivors (2048K)
 Metaspace       used 24701K, committed 25088K, reserved 1073152K
  class space    used 3324K, committed 3456K, reserved 1048576K
}
Event: 19103.644 GC heap after
{Heap after GC invocations=50 (full 4):
 garbage-first heap   total 34816K, used 13023K [0x0000000088a00000, 0x0000000100000000)
  region size 1024K, 1 young (1024K), 1 survivors (1024K)
 Metaspace       used 24701K, committed 25088K, reserved 1073152K
  class space    used 3324K, committed 3456K, reserved 1048576K
}
Event: 19641.465 GC heap before
{Heap before GC invocations=50 (full 4):
 garbage-first heap   total 34816K, used 26335K [0x0000000088a00000, 0x0000000100000000)
  region size 1024K, 14 young (14336K), 1 survivors (1024K)
 Metaspace       used 24701K, committed 25088K, reserved 1073152K
  class space    used 3324K, committed 3456K, reserved 1048576K
}
Event: 19641.466 GC heap after
{Heap after GC invocations=51 (full 4):
 garbage-first heap   total 34816K, used 12960K [0x0000000088a00000, 0x0000000100000000)
  region size 1024K, 1 young (1024K), 1 survivors (1024K)
 Metaspace       used 24701K, committed 25088K, reserved 1073152K
  class space    used 3324K, committed 3456K, reserved 1048576K
}
Event: 20209.818 GC heap before
{Heap before GC invocations=51 (full 4):
 garbage-first heap   total 34816K, used 27296K [0x0000000088a00000, 0x0000000100000000)
  region size 1024K, 15 young (15360K), 1 survivors (1024K)
 Metaspace       used 24701K, committed 25088K, reserved 1073152K
  class space    used 3324K, committed 3456K, reserved 1048576K
}
Event: 20209.820 GC heap after
{Heap after GC invocations=52 (full 4):
 garbage-first heap   total 34816K, used 12938K [0x0000000088a00000, 0x0000000100000000)
  region size 1024K, 1 young (1024K), 1 survivors (1024K)
 Metaspace       used 24701K, committed 25088K, reserved 1073152K
  class space    used 3324K, committed 3456K, reserved 1048576K
}
Event: 20782.473 GC heap before
{Heap before GC invocations=52 (full 4):
 garbage-first heap   total 34816K, used 27274K [0x0000000088a00000, 0x0000000100000000)
  region size 1024K, 15 young (15360K), 1 survivors (1024K)
 Metaspace       used 24701K, committed 25088K, reserved 1073152K
  class space    used 3324K, committed 3456K, reserved 1048576K
}
Event: 20782.474 GC heap after
{Heap after GC invocations=53 (full 4):
 garbage-first heap   total 34816K, used 12936K [0x0000000088a00000, 0x0000000100000000)
  region size 1024K, 1 young (1024K), 1 survivors (1024K)
 Metaspace       used 24701K, committed 25088K, reserved 1073152K
  class space    used 3324K, committed 3456K, reserved 1048576K
}
Event: 21360.127 GC heap before
{Heap before GC invocations=53 (full 4):
 garbage-first heap   total 34816K, used 27272K [0x0000000088a00000, 0x0000000100000000)
  region size 1024K, 15 young (15360K), 1 survivors (1024K)
 Metaspace       used 24701K, committed 25088K, reserved 1073152K
  class space    used 3324K, committed 3456K, reserved 1048576K
}
Event: 21360.129 GC heap after
{Heap after GC invocations=54 (full 4):
 garbage-first heap   total 34816K, used 12927K [0x0000000088a00000, 0x0000000100000000)
  region size 1024K, 1 young (1024K), 1 survivors (1024K)
 Metaspace       used 24701K, committed 25088K, reserved 1073152K
  class space    used 3324K, committed 3456K, reserved 1048576K
}
Event: 21864.613 GC heap before
{Heap before GC invocations=54 (full 4):
 garbage-first heap   total 34816K, used 28287K [0x0000000088a00000, 0x0000000100000000)
  region size 1024K, 16 young (16384K), 1 survivors (1024K)
 Metaspace       used 24701K, committed 25088K, reserved 1073152K
  class space    used 3324K, committed 3456K, reserved 1048576K
}
Event: 21864.651 GC heap after
{Heap after GC invocations=55 (full 4):
 garbage-first heap   total 34816K, used 13285K [0x0000000088a00000, 0x0000000100000000)
  region size 1024K, 1 young (1024K), 1 survivors (1024K)
 Metaspace       used 24701K, committed 25088K, reserved 1073152K
  class space    used 3324K, committed 3456K, reserved 1048576K
}

Deoptimization events (14 events):
Event: 1.601 Thread 0x000002630d6be3f0 DEOPT PACKING pc=0x0000026317207ff5 sp=0x0000009659bfd780
Event: 1.601 Thread 0x000002630d6be3f0 DEOPT UNPACKING pc=0x0000026316f32b43 sp=0x0000009659bfcbf0 mode 3
Event: 4.126 Thread 0x0000026321462c10 DEOPT PACKING pc=0x0000026317356d99 sp=0x000000965b4fc970
Event: 4.126 Thread 0x0000026321462c10 DEOPT UNPACKING pc=0x0000026316f32b43 sp=0x000000965b4fbe50 mode 3
Event: 6.620 Thread 0x0000026321462c10 DEOPT PACKING pc=0x00000263174eac75 sp=0x000000965b4fc180
Event: 6.620 Thread 0x0000026321462c10 DEOPT UNPACKING pc=0x0000026316f32b43 sp=0x000000965b4fb5f0 mode 3
Event: 6.894 Thread 0x0000026321462c10 DEOPT PACKING pc=0x00000263173f185d sp=0x000000965b4fb6e0
Event: 6.895 Thread 0x0000026321462c10 DEOPT UNPACKING pc=0x0000026316f32b43 sp=0x000000965b4fac48 mode 3
Event: 8.326 Thread 0x0000026321462c10 DEOPT PACKING pc=0x000002631735e701 sp=0x000000965b4fdde0
Event: 8.326 Thread 0x0000026321462c10 DEOPT UNPACKING pc=0x0000026316f32b43 sp=0x000000965b4fd270 mode 3
Event: 8.327 Thread 0x00000263214630e0 DEOPT PACKING pc=0x0000026317355b17 sp=0x000000965b6ff100
Event: 8.327 Thread 0x00000263214630e0 DEOPT UNPACKING pc=0x0000026316f32b43 sp=0x000000965b6fe558 mode 3
Event: 58.007 Thread 0x0000026321462740 DEOPT PACKING pc=0x000002631707052d sp=0x000000965b4fc680
Event: 58.007 Thread 0x0000026321462740 DEOPT UNPACKING pc=0x0000026316f32b43 sp=0x000000965b4fbbe0 mode 3

Classes unloaded (20 events):
Event: 18239.643 Thread 0x000002630f75e290 Unloading class 0x0000000800f8c800 'jdk/internal/reflect/GeneratedMethodAccessor64'
Event: 18239.643 Thread 0x000002630f75e290 Unloading class 0x0000000800f8c400 'jdk/internal/reflect/GeneratedConstructorAccessor33'
Event: 18239.643 Thread 0x000002630f75e290 Unloading class 0x0000000800f8c000 'jdk/internal/reflect/GeneratedConstructorAccessor32'
Event: 18239.643 Thread 0x000002630f75e290 Unloading class 0x0000000800f8b800 'jdk/internal/reflect/GeneratedConstructorAccessor31'
Event: 18239.643 Thread 0x000002630f75e290 Unloading class 0x0000000800f89c00 'jdk/internal/reflect/GeneratedMethodAccessor57'
Event: 18239.643 Thread 0x000002630f75e290 Unloading class 0x0000000800f89800 'jdk/internal/reflect/GeneratedMethodAccessor56'
Event: 18239.643 Thread 0x000002630f75e290 Unloading class 0x0000000800f8a800 'org/apache/catalina/loader/JdbcLeakPrevention'
Event: 18239.643 Thread 0x000002630f75e290 Unloading class 0x0000000800f88400 'jdk/internal/reflect/GeneratedMethodAccessor51'
Event: 18239.643 Thread 0x000002630f75e290 Unloading class 0x0000000800f88000 'jdk/internal/reflect/GeneratedMethodAccessor50'
Event: 18239.643 Thread 0x000002630f75e290 Unloading class 0x0000000800f84200 'com/CIMSYS/CimsysApplication$$EnhancerBySpringCGLIB$$a7c202b5'
Event: 18239.643 Thread 0x000002630f75e290 Unloading class 0x0000000800f84000 'com/CIMSYS/CimsysApplication'
Event: 18239.671 Thread 0x000002630f75e290 Unloading class 0x0000000800f86800 'jdk/internal/reflect/GeneratedMethodAccessor48'
Event: 18239.671 Thread 0x000002630f75e290 Unloading class 0x0000000800f85000 'jdk/internal/reflect/GeneratedMethodAccessor44'
Event: 18239.672 Thread 0x000002630f75e290 Unloading class 0x0000000800d0e400 'jdk/internal/reflect/GeneratedConstructorAccessor25'
Event: 18239.672 Thread 0x000002630f75e290 Unloading class 0x0000000800d0e000 'jdk/internal/reflect/GeneratedMethodAccessor42'
Event: 18239.672 Thread 0x000002630f75e290 Unloading class 0x0000000800d0e800 'jdk/internal/reflect/GeneratedConstructorAccessor24'
Event: 18239.672 Thread 0x000002630f75e290 Unloading class 0x0000000800d38800 'jdk/internal/reflect/GeneratedConstructorAccessor23'
Event: 18239.672 Thread 0x000002630f75e290 Unloading class 0x0000000800d88400 'jdk/internal/reflect/GeneratedConstructorAccessor22'
Event: 18239.672 Thread 0x000002630f75e290 Unloading class 0x0000000800e36c00 'jdk/internal/reflect/GeneratedConstructorAccessor21'
Event: 18239.672 Thread 0x000002630f75e290 Unloading class 0x0000000800e54800 'jdk/internal/reflect/GeneratedMethodAccessor26'

Classes redefined (0 events):
No events

Internal exceptions (20 events):
Event: 2579.165 Thread 0x00000263208c10d0 Exception <a 'java/io/FileNotFoundException'{0x000000008a719240}> (0x000000008a719240) 
thrown [t:\workspace\open\src\hotspot\share\prims\jni.cpp, line 516]
Event: 2582.058 Thread 0x00000263208c6770 Exception <a 'java/lang/InterruptedException'{0x000000008a156cf0}: sleep interrupted> (0x000000008a156cf0) 
thrown [t:\workspace\open\src\hotspot\share\prims\jvm.cpp, line 3067]
Event: 2582.198 Thread 0x00000263208c6c40 Exception <a 'sun/nio/fs/WindowsException'{0x000000008ab8f288}> (0x000000008ab8f288) 
thrown [t:\workspace\open\src\hotspot\share\prims\jni.cpp, line 516]
Event: 2583.004 Thread 0x00000263208c6c40 Exception <a 'java/lang/NoClassDefFoundError'{0x0000000089ed5858}: org/flywaydb/core/Flyway> (0x0000000089ed5858) 
thrown [t:\workspace\open\src\hotspot\share\oops\constantPool.cpp, line 835]
Event: 2583.004 Thread 0x00000263208c6c40 Exception <a 'java/lang/NoClassDefFoundError'{0x0000000089ed5ea8}: liquibase/integration/spring/SpringLiquibase> (0x0000000089ed5ea8) 
thrown [t:\workspace\open\src\hotspot\share\oops\constantPool.cpp, line 835]
Event: 2583.139 Thread 0x00000263208c6c40 Exception <a 'sun/nio/fs/WindowsException'{0x000000008a82dd88}> (0x000000008a82dd88) 
thrown [t:\workspace\open\src\hotspot\share\prims\jni.cpp, line 516]
Event: 2583.141 Thread 0x00000263208c6c40 Exception <a 'sun/nio/fs/WindowsException'{0x000000008a82e4b0}> (0x000000008a82e4b0) 
thrown [t:\workspace\open\src\hotspot\share\prims\jni.cpp, line 516]
Event: 2583.142 Thread 0x00000263208c6c40 Exception <a 'sun/nio/fs/WindowsException'{0x000000008a82eba8}> (0x000000008a82eba8) 
thrown [t:\workspace\open\src\hotspot\share\prims\jni.cpp, line 516]
Event: 2583.212 Thread 0x00000263208c6c40 Exception <a 'java/io/FileNotFoundException'{0x000000008a85a028}> (0x000000008a85a028) 
thrown [t:\workspace\open\src\hotspot\share\prims\jni.cpp, line 516]
Event: 2583.259 Thread 0x00000263208c6c40 Exception <a 'java/io/FileNotFoundException'{0x000000008a707460}> (0x000000008a707460) 
thrown [t:\workspace\open\src\hotspot\share\prims\jni.cpp, line 516]
Event: 18238.973 Thread 0x00000263208c7f80 Exception <a 'java/lang/InterruptedException'{0x000000008a8bcbe0}: sleep interrupted> (0x000000008a8bcbe0) 
thrown [t:\workspace\open\src\hotspot\share\prims\jvm.cpp, line 3067]
Event: 18244.006 Thread 0x00000263208c28e0 Exception <a 'sun/nio/fs/WindowsException'{0x000000008aba4ca8}> (0x000000008aba4ca8) 
thrown [t:\workspace\open\src\hotspot\share\prims\jni.cpp, line 516]
Event: 18245.812 Thread 0x00000263208c28e0 Exception <a 'java/lang/NoClassDefFoundError'{0x0000000089df2c50}: org/flywaydb/core/Flyway> (0x0000000089df2c50) 
thrown [t:\workspace\open\src\hotspot\share\oops\constantPool.cpp, line 835]
Event: 18245.812 Thread 0x00000263208c28e0 Exception <a 'java/lang/NoClassDefFoundError'{0x0000000089df32a0}: liquibase/integration/spring/SpringLiquibase> (0x0000000089df32a0) 
thrown [t:\workspace\open\src\hotspot\share\oops\constantPool.cpp, line 835]
Event: 18246.374 Thread 0x00000263208c28e0 Exception <a 'sun/nio/fs/WindowsException'{0x00000000899c2ae0}> (0x00000000899c2ae0) 
thrown [t:\workspace\open\src\hotspot\share\prims\jni.cpp, line 516]
Event: 18246.376 Thread 0x00000263208c28e0 Exception <a 'sun/nio/fs/WindowsException'{0x00000000899c3208}> (0x00000000899c3208) 
thrown [t:\workspace\open\src\hotspot\share\prims\jni.cpp, line 516]
Event: 18246.376 Thread 0x00000263208c28e0 Exception <a 'sun/nio/fs/WindowsException'{0x00000000899c3900}> (0x00000000899c3900) 
thrown [t:\workspace\open\src\hotspot\share\prims\jni.cpp, line 516]
Event: 18246.438 Thread 0x00000263208c28e0 Exception <a 'java/io/FileNotFoundException'{0x00000000899eedc0}> (0x00000000899eedc0) 
thrown [t:\workspace\open\src\hotspot\share\prims\jni.cpp, line 516]
Event: 18246.525 Thread 0x00000263208c28e0 Exception <a 'java/io/FileNotFoundException'{0x000000008aba6130}> (0x000000008aba6130) 
thrown [t:\workspace\open\src\hotspot\share\prims\jni.cpp, line 516]
Event: 21928.777 Thread 0x00000263208c75e0 Exception <a 'java/lang/InterruptedException'{0x000000008a9ea570}: sleep interrupted> (0x000000008a9ea570) 
thrown [t:\workspace\open\src\hotspot\share\prims\jvm.cpp, line 3067]

VM Operations (20 events):
Event: 18249.488 Executing VM operation: Cleanup done
Event: 18565.744 Executing VM operation: G1CollectForAllocation
Event: 18565.764 Executing VM operation: G1CollectForAllocation done
Event: 19103.623 Executing VM operation: G1CollectForAllocation
Event: 19103.656 Executing VM operation: G1CollectForAllocation done
Event: 19641.465 Executing VM operation: G1CollectForAllocation
Event: 19641.466 Executing VM operation: G1CollectForAllocation done
Event: 20209.818 Executing VM operation: G1CollectForAllocation
Event: 20209.820 Executing VM operation: G1CollectForAllocation done
Event: 20782.473 Executing VM operation: G1CollectForAllocation
Event: 20782.474 Executing VM operation: G1CollectForAllocation done
Event: 21360.127 Executing VM operation: G1CollectForAllocation
Event: 21360.129 Executing VM operation: G1CollectForAllocation done
Event: 21846.831 Executing VM operation: Cleanup
Event: 21846.831 Executing VM operation: Cleanup done
Event: 21852.853 Executing VM operation: Cleanup
Event: 21852.854 Executing VM operation: Cleanup done
Event: 21864.613 Executing VM operation: G1CollectForAllocation
Event: 21864.651 Executing VM operation: G1CollectForAllocation done
Event: 21928.783 Executing VM operation: G1CollectFull

Events (20 events):
Event: 21846.896 Thread 0x00000263208c15a0 Thread added: 0x00000263208c15a0
Event: 21852.024 Thread 0x00000263208c1a70 Thread added: 0x00000263208c1a70
Event: 21864.522 Thread 0x00000263208c7ab0 Thread added: 0x00000263208c7ab0
Event: 21928.681 Thread 0x00000263208c3750 Thread added: 0x00000263208c3750
Event: 21928.682 Thread 0x00000263208c1f40 Thread exited: 0x00000263208c1f40
Event: 21928.721 Thread 0x00000263208c4f60 Thread exited: 0x00000263208c4f60
Event: 21928.772 Thread 0x00000263208c10d0 Thread exited: 0x00000263208c10d0
Event: 21928.773 Thread 0x00000263208c3280 Thread exited: 0x00000263208c3280
Event: 21928.775 Thread 0x00000263208c1a70 Thread exited: 0x00000263208c1a70
Event: 21928.776 Thread 0x00000263208c5900 Thread exited: 0x00000263208c5900
Event: 21928.776 Thread 0x00000263208c62a0 Thread exited: 0x00000263208c62a0
Event: 21928.776 Thread 0x00000263208c7ab0 Thread exited: 0x00000263208c7ab0
Event: 21928.776 Thread 0x00000263208c2410 Thread exited: 0x00000263208c2410
Event: 21928.776 Thread 0x00000263208c28e0 Thread exited: 0x00000263208c28e0
Event: 21928.776 Thread 0x00000263208c15a0 Thread exited: 0x00000263208c15a0
Event: 21928.777 Thread 0x00000263208c75e0 Thread exited: 0x00000263208c75e0
Event: 21928.777 Thread 0x00000263208c40f0 Thread exited: 0x00000263208c40f0
Event: 21928.778 Thread 0x00000263208c5dd0 Thread exited: 0x00000263208c5dd0
Event: 21928.778 Thread 0x00000263208c45c0 Thread exited: 0x00000263208c45c0
Event: 21928.779 Thread 0x00000263208c2db0 Thread exited: 0x00000263208c2db0


Dynamic libraries:
0x00007ff7b42a0000 - 0x00007ff7b42b0000 	C:\Program Files\Java\jdk-17.0.2\bin\java.exe
0x00007ffad80d0000 - 0x00007ffad82c5000 	C:\WINDOWS\SYSTEM32\ntdll.dll
0x00007ffad7890000 - 0x00007ffad794e000 	C:\WINDOWS\System32\KERNEL32.DLL
0x00007ffad5bf0000 - 0x00007ffad5eb8000 	C:\WINDOWS\System32\KERNELBASE.dll
0x00007ffad5ac0000 - 0x00007ffad5bc0000 	C:\WINDOWS\System32\ucrtbase.dll
0x00007ffad29a0000 - 0x00007ffad29b8000 	C:\Program Files\Java\jdk-17.0.2\bin\jli.dll
0x00007ffacfcb0000 - 0x00007ffacfcca000 	C:\Program Files\Java\jdk-17.0.2\bin\VCRUNTIME140.dll
0x00007ffad7100000 - 0x00007ffad71ae000 	C:\WINDOWS\System32\ADVAPI32.dll
0x00007ffad7060000 - 0x00007ffad70fe000 	C:\WINDOWS\System32\msvcrt.dll
0x00007ffad7460000 - 0x00007ffad74fc000 	C:\WINDOWS\System32\sechost.dll
0x00007ffad6340000 - 0x00007ffad6465000 	C:\WINDOWS\System32\RPCRT4.dll
0x00007ffad61a0000 - 0x00007ffad6340000 	C:\WINDOWS\System32\USER32.dll
0x00007ffad5bc0000 - 0x00007ffad5be2000 	C:\WINDOWS\System32\win32u.dll
0x00007ffac7f40000 - 0x00007ffac81da000 	C:\WINDOWS\WinSxS\amd64_microsoft.windows.common-controls_6595b64144ccf1df_6.0.19041.1110_none_60b5254171f9507e\COMCTL32.dll
0x00007ffad8050000 - 0x00007ffad807b000 	C:\WINDOWS\System32\GDI32.dll
0x00007ffad5fa0000 - 0x00007ffad60ad000 	C:\WINDOWS\System32\gdi32full.dll
0x00007ffad57e0000 - 0x00007ffad587d000 	C:\WINDOWS\System32\msvcp_win.dll
0x00007ffacd740000 - 0x00007ffacd74a000 	C:\WINDOWS\SYSTEM32\VERSION.dll
0x00007ffad7860000 - 0x00007ffad7890000 	C:\WINDOWS\System32\IMM32.DLL
0x00007ffad2970000 - 0x00007ffad297c000 	C:\Program Files\Java\jdk-17.0.2\bin\vcruntime140_1.dll
0x00007ffa89e60000 - 0x00007ffa89eed000 	C:\Program Files\Java\jdk-17.0.2\bin\msvcp140.dll
0x00007ffa816a0000 - 0x00007ffa82261000 	C:\Program Files\Java\jdk-17.0.2\bin\server\jvm.dll
0x00007ffad7050000 - 0x00007ffad7058000 	C:\WINDOWS\System32\PSAPI.DLL
0x00007ffad2980000 - 0x00007ffad2989000 	C:\WINDOWS\SYSTEM32\WSOCK32.dll
0x00007ffacd750000 - 0x00007ffacd777000 	C:\WINDOWS\SYSTEM32\WINMM.dll
0x00007ffad7950000 - 0x00007ffad79bb000 	C:\WINDOWS\System32\WS2_32.dll
0x00007ffad43b0000 - 0x00007ffad43c2000 	C:\WINDOWS\SYSTEM32\kernel.appcore.dll
0x00007ffad1230000 - 0x00007ffad123a000 	C:\Program Files\Java\jdk-17.0.2\bin\jimage.dll
0x00007ffac54f0000 - 0x00007ffac56d4000 	C:\WINDOWS\SYSTEM32\DBGHELP.DLL
0x00007ffac5880000 - 0x00007ffac58ac000 	C:\WINDOWS\SYSTEM32\dbgcore.DLL
0x00007ffad5ec0000 - 0x00007ffad5f42000 	C:\WINDOWS\System32\bcryptPrimitives.dll
0x00007ffacaf00000 - 0x00007ffacaf25000 	C:\Program Files\Java\jdk-17.0.2\bin\java.dll
0x00007ffa9b2b0000 - 0x00007ffa9b386000 	C:\Program Files\Java\jdk-17.0.2\bin\jsvml.dll
0x00007ffad6900000 - 0x00007ffad7044000 	C:\WINDOWS\System32\SHELL32.dll
0x00007ffad3800000 - 0x00007ffad3f94000 	C:\WINDOWS\SYSTEM32\windows.storage.dll
0x00007ffad7500000 - 0x00007ffad7855000 	C:\WINDOWS\System32\combase.dll
0x00007ffad5230000 - 0x00007ffad525e000 	C:\WINDOWS\SYSTEM32\Wldp.dll
0x00007ffad6470000 - 0x00007ffad651d000 	C:\WINDOWS\System32\SHCORE.dll
0x00007ffad6600000 - 0x00007ffad6655000 	C:\WINDOWS\System32\shlwapi.dll
0x00007ffad5720000 - 0x00007ffad573f000 	C:\WINDOWS\SYSTEM32\profapi.dll
0x00007ffaceaa0000 - 0x00007ffaceab9000 	C:\Program Files\Java\jdk-17.0.2\bin\net.dll
0x00007ffacb800000 - 0x00007ffacb90c000 	C:\WINDOWS\SYSTEM32\WINHTTP.dll
0x00007ffad4f90000 - 0x00007ffad4ffa000 	C:\WINDOWS\system32\mswsock.dll
0x00007fface8e0000 - 0x00007fface8f6000 	C:\Program Files\Java\jdk-17.0.2\bin\nio.dll
0x00007ffaca9e0000 - 0x00007ffaca9f8000 	C:\Program Files\Java\jdk-17.0.2\bin\zip.dll
0x00007ffacab60000 - 0x00007ffacab69000 	C:\Program Files\Java\jdk-17.0.2\bin\management.dll
0x00007ffaca6f0000 - 0x00007ffaca6fb000 	C:\Program Files\Java\jdk-17.0.2\bin\management_ext.dll
0x00007ffac3fa0000 - 0x00007ffac3fb7000 	C:\WINDOWS\system32\napinsp.dll
0x00007ffac20b0000 - 0x00007ffac20cb000 	C:\WINDOWS\system32\pnrpnsp.dll
0x00007ffad10f0000 - 0x00007ffad110d000 	C:\WINDOWS\system32\NLAapi.dll
0x00007ffad4c30000 - 0x00007ffad4c6b000 	C:\WINDOWS\SYSTEM32\IPHLPAPI.DLL
0x00007ffad4c80000 - 0x00007ffad4d4b000 	C:\WINDOWS\SYSTEM32\DNSAPI.dll
0x00007ffad6520000 - 0x00007ffad6528000 	C:\WINDOWS\System32\NSI.dll
0x00007ffac2090000 - 0x00007ffac20a5000 	C:\WINDOWS\system32\wshbth.dll
0x00007ffac2070000 - 0x00007ffac2082000 	C:\WINDOWS\System32\winrnr.dll
0x00007ffac95f0000 - 0x00007ffac95fa000 	C:\Windows\System32\rasadhlp.dll
0x00007ffac8ea0000 - 0x00007ffac8f1f000 	C:\WINDOWS\System32\fwpuclnt.dll
0x00007ffad5a90000 - 0x00007ffad5ab7000 	C:\WINDOWS\System32\bcrypt.dll
0x00007ffad5180000 - 0x00007ffad5198000 	C:\WINDOWS\SYSTEM32\CRYPTSP.dll
0x00007ffad48a0000 - 0x00007ffad48d4000 	C:\WINDOWS\system32\rsaenh.dll
0x00007ffad56a0000 - 0x00007ffad56ce000 	C:\WINDOWS\SYSTEM32\USERENV.dll
0x00007ffad51a0000 - 0x00007ffad51ac000 	C:\WINDOWS\SYSTEM32\CRYPTBASE.dll
0x00007ffacbed0000 - 0x00007ffacbee7000 	C:\WINDOWS\SYSTEM32\dhcpcsvc6.DLL
0x00007ffacbeb0000 - 0x00007ffacbecd000 	C:\WINDOWS\SYSTEM32\dhcpcsvc.DLL
0x00007ffacec80000 - 0x00007ffacec8e000 	C:\Program Files\Java\jdk-17.0.2\bin\sunmscapi.dll
0x00007ffad5930000 - 0x00007ffad5a86000 	C:\WINDOWS\System32\CRYPT32.dll
0x00007ffad52a0000 - 0x00007ffad52c7000 	C:\WINDOWS\SYSTEM32\ncrypt.dll
0x00007ffad5260000 - 0x00007ffad529b000 	C:\WINDOWS\SYSTEM32\NTASN1.dll
0x00007ffacec70000 - 0x00007ffacec77000 	C:\WINDOWS\system32\wshunix.dll

dbghelp: loaded successfully - version: 4.0.5 - missing functions: none
symbol engine: initialized successfully - sym options: 0x614 - pdb path: .;C:\Program Files\Java\jdk-17.0.2\bin;C:\WINDOWS\SYSTEM32;C:\WINDOWS\WinSxS\amd64_microsoft.windows.common-controls_6595b64144ccf1df_6.0.19041.1110_none_60b5254171f9507e;C:\Program Files\Java\jdk-17.0.2\bin\server

VM Arguments:
jvm_args: -XX:TieredStopAtLevel=1 -Xverify:none -XX:TieredStopAtLevel=1 
java_command: com.CIMSYS.CimsysApplication
java_class_path (initial): C:\Users\Juan Pérez\Documents\GitHub\CIMSYS\target\classes;C:\Users\Juan Pérez\.m2\repository\ch\qos\logback\logback-classic\1.2.10\logback-classic-1.2.10.jar;C:\Users\Juan Pérez\.m2\repository\ch\qos\logback\logback-core\1.2.10\logback-core-1.2.10.jar;C:\Users\Juan Pérez\.m2\repository\org\apache\logging\log4j\log4j-to-slf4j\2.17.1\log4j-to-slf4j-2.17.1.jar;C:\Users\Juan Pérez\.m2\repository\org\apache\logging\log4j\log4j-api\2.17.1\log4j-api-2.17.1.jar;C:\Users\Juan Pérez\.m2\repository\org\slf4j\jul-to-slf4j\1.7.33\jul-to-slf4j-1.7.33.jar;C:\Users\Juan Pérez\.m2\repository\jakarta\annotation\jakarta.annotation-api\1.3.5\jakarta.annotation-api-1.3.5.jar;C:\Users\Juan Pérez\.m2\repository\org\yaml\snakeyaml\1.29\snakeyaml-1.29.jar;C:\Users\Juan Pérez\.m2\repository\com\fasterxml\jackson\core\jackson-databind\2.13.1\jackson-databind-2.13.1.jar;C:\Users\Juan Pérez\.m2\repository\com\fasterxml\jackson\core\jackson-annotations\2.13.1\jackson-annotations-2.13.1.jar;C:\Users\Juan Pérez\.m2\repository\com\fasterxml\jackson\core\jackson-core\2.13.1\jackson-core-2.13.1.jar;C:\Users\Juan Pérez\.m2\repository\com\fasterxml\jackson\datatype\jackson-datatype-jdk8\2.13.1\jackson-datatype-jdk8-2.13.1.jar;C:\Users\Juan Pérez\.m2\repository\com\fasterxml\jackson\datatype\jackson-datatype-jsr310\2.13.1\jackson-datatype-jsr310-2.13.1.jar;C:\Users\Juan Pérez\.m2\repository\com\fasterxml\jackson\module\jackson-module-parameter-names\2.13.1\jackson-module-parameter-names-2.13.1.jar;C:\Users\Juan Pérez\.m2\repository\org\apache\tomcat\embed\tomcat-embed-core\9.0.56\tomcat-embed-core-9.0.56.jar;C:\Users\Juan Pérez\.m2\repository\org\apache\tomcat\embed\tomcat-embed-el\9.0.56\tomcat-embed-el-9.0.56.jar;C:\Users\Juan Pérez\.m2\repository\org\apache\tomcat\embed\tomcat-embed-websocket\9.0.56\tomcat-embed-websocket-9.0.56.jar;C:\Users\Juan Pérez\.m2\repository\org\springframework\spring-web\5.3.15\spring-web-5.3.15.jar;C:\Users\Juan Pérez\.m2\repository\org\spring
Launcher Type: SUN_STANDARD

[Global flags]
     intx CICompilerCount                          = 3                                         {product} {ergonomic}
     uint ConcGCThreads                            = 1                                         {product} {ergonomic}
     uint G1ConcRefinementThreads                  = 4                                         {product} {ergonomic}
   size_t G1HeapRegionSize                         = 1048576                                   {product} {ergonomic}
    uintx GCDrainStackTargetSize                   = 64                                        {product} {ergonomic}
   size_t InitialHeapSize                          = 125829120                                 {product} {ergonomic}
   size_t MarkStackSize                            = 4194304                                   {product} {ergonomic}
   size_t MaxHeapSize                              = 2002780160                                {product} {ergonomic}
   size_t MaxNewSize                               = 1201668096                                {product} {ergonomic}
   size_t MinHeapDeltaBytes                        = 1048576                                   {product} {ergonomic}
   size_t MinHeapSize                              = 8388608                                   {product} {ergonomic}
    uintx NonProfiledCodeHeapSize                  = 0                                      {pd product} {ergonomic}
     bool ProfileInterpreter                       = false                                  {pd product} {command line}
    uintx ProfiledCodeHeapSize                     = 0                                      {pd product} {ergonomic}
   size_t SoftMaxHeapSize                          = 2002780160                             {manageable} {ergonomic}
     intx TieredStopAtLevel                        = 1                                         {product} {command line}
     bool UseCompressedClassPointers               = true                           {product lp64_product} {ergonomic}
     bool UseCompressedOops                        = true                           {product lp64_product} {ergonomic}
     bool UseG1GC                                  = true                                      {product} {ergonomic}
     bool UseLargePagesIndividualAllocation        = false                                  {pd product} {ergonomic}

Logging:
Log output configuration:
 #0: stdout all=warning uptime,level,tags
 #1: stderr all=off uptime,level,tags

Environment Variables:
JAVA_HOME=C:\Program Files\Java\jdk-17.0.2
PATH=C:\Program Files\Common Files\Oracle\Java\javapath;C:\WINDOWS\system32;C:\WINDOWS;C:\WINDOWS\System32\Wbem;C:\WINDOWS\System32\WindowsPowerShell\v1.0\;C:\WINDOWS\System32\OpenSSH\;C:\Program Files\dotnet\;C:\Program Files\Microsoft SQL Server\130\Tools\Binn\;C:\Program Files\Microsoft SQL Server\Client SDK\ODBC\170\Tools\Binn\;C:\Program Files\Git\cmd;C:\Program Files\MySQL\MySQL Shell 8.0\bin\;C:\Users\Juan Pérez\AppData\Local\Microsoft\WindowsApps;C:\Users\Juan Pérez\.dotnet\tools
USERNAME=Juan Pérez
OS=Windows_NT
PROCESSOR_IDENTIFIER=AMD64 Family 22 Model 0 Stepping 1, AuthenticAMD



---------------  S Y S T E M  ---------------

OS:
 Windows 10 , 64 bit Build 19041 (10.0.19041.1503)
OS uptime: 5 days 21:43 hours

CPU: total 4 (initial active 4) (4 cores per cpu, 1 threads per core) family 22 model 0 stepping 1 microcode 0x0, cx8, cmov, fxsr, mmx, 3dnowpref, sse, sse2, sse3, ssse3, sse4a, sse4.1, sse4.2, popcnt, lzcnt, tsc, tscinvbit, avx, aes, clmul, bmi1, vzeroupper, clflush

Memory: 4k page, system-wide physical 7637M (1695M free)
TotalPageFile size 9487M (AvailPageFile size 2M)
current process WorkingSet (physical memory assigned to process): 61M, peak: 145M
current process commit charge ("private bytes"): 147M, peak: 227M

vm_info: Java HotSpot(TM) 64-Bit Server VM (17.0.2+8-LTS-86) for windows-amd64 JRE (17.0.2+8-LTS-86), built on Dec  7 2021 21:51:03 by "mach5one" with MS VC++ 16.8 / 16.9 (VS2019)

END.
