#
# There is insufficient memory for the Java Runtime Environment to continue.
# Native memory allocation (mmap) failed to map 65536 bytes for Failed to commit metaspace.
# Possible reasons:
#   The system is out of physical RAM or swap space
#   The process is running with CompressedOops enabled, and the Java Heap may be blocking the growth of the native heap
# Possible solutions:
#   Reduce memory load on the system
#   Increase physical memory or swap space
#   Check if swap backing store is full
#   Decrease Java heap size (-Xmx/-Xms)
#   Decrease number of Java threads
#   Decrease Java thread stack sizes (-Xss)
#   Set larger code cache with -XX:ReservedCodeCacheSize=
#   JVM is running with Unscaled Compressed Oops mode in which the Java heap is
#     placed in the first 4GB address space. The Java Heap base address is the
#     maximum limit for the native heap growth. Please use -XX:HeapBaseMinAddress
#     to set the Java Heap base and to place the Java Heap above 4GB virtual address.
# This output file may be truncated or incomplete.
#
#  Out of Memory Error (virtualSpaceNode.cpp:110), pid=6788, tid=5924
#
# JRE version: Java(TM) SE Runtime Environment (17.0.2+8) (build 17.0.2+8-LTS-86)
# Java VM: Java HotSpot(TM) 64-Bit Server VM (17.0.2+8-LTS-86, mixed mode, sharing, tiered, compressed oops, compressed class ptrs, g1 gc, windows-amd64)
# No core dump will be written. Minidumps are not enabled by default on client versions of Windows
#

---------------  S U M M A R Y ------------

Command Line: -Dclassworlds.conf=C:\Program Files\NetBeans-12.6\netbeans\java\maven\bin\..\bin\m2.conf -Dmaven.home=C:\Program Files\NetBeans-12.6\netbeans\java\maven\bin\.. -Dlibrary.jansi.path=C:\Program Files\NetBeans-12.6\netbeans\java\maven\bin\..\lib\jansi-native -Dmaven.multiModuleProjectDirectory=C:\Users\Juan Pérez\Documents\GitHub\CIMSYS org.codehaus.plexus.classworlds.launcher.Launcher -Dspring-boot.run.jvmArguments=-noverify -XX:TieredStopAtLevel=1 -Dspring-boot.run.mainClass=com.CIMSYS.CIMSYSApplication -Dexec.vmArgs= -Dexec.appArgs= -Dmaven.ext.class.path=C:\Program Files\NetBeans-12.6\netbeans\java\maven-nblib\netbeans-eventspy.jar -Dfile.encoding=UTF-8 spring-boot:run

Host: AMD A4-5000 APU with Radeon(TM) HD Graphics    , 4 cores, 7G,  Windows 10 , 64 bit Build 19041 (10.0.19041.1503)
Time: Tue Feb 15 00:54:22 2022 Hora estándar, América Central elapsed time: 0.795335 seconds (0d 0h 0m 0s)

---------------  T H R E A D  ---------------

Current thread (0x0000025acb8d38f0):  JavaThread "main" [_thread_in_vm, id=5924, stack(0x000000c2f5c00000,0x000000c2f5d00000)]

Stack: [0x000000c2f5c00000,0x000000c2f5d00000]
Native frames: (J=compiled Java code, j=interpreted, Vv=VM code, C=native code)
V  [jvm.dll+0x670baa]
V  [jvm.dll+0x7cfcb4]
V  [jvm.dll+0x7d145e]
V  [jvm.dll+0x7d1ac3]
V  [jvm.dll+0x242bc5]
V  [jvm.dll+0x7cbc5b]
V  [jvm.dll+0x616966]
V  [jvm.dll+0x1be3ee]
V  [jvm.dll+0x6192a1]
V  [jvm.dll+0x617306]
V  [jvm.dll+0x2385a0]
V  [jvm.dll+0x1e880d]
V  [jvm.dll+0x1de251]
V  [jvm.dll+0x537c30]
V  [jvm.dll+0x74ad28]
V  [jvm.dll+0x74ae14]
V  [jvm.dll+0x408cc5]
V  [jvm.dll+0x40ed18]
C  [java.dll+0x17ec]

Java frames: (J=compiled Java code, j=interpreted, Vv=VM code)
j  java.lang.ClassLoader.defineClass1(Ljava/lang/ClassLoader;Ljava/lang/String;[BIILjava/security/ProtectionDomain;Ljava/lang/String;)Ljava/lang/Class;+0 java.base@17.0.2
j  java.lang.ClassLoader.defineClass(Ljava/lang/String;[BIILjava/security/ProtectionDomain;)Ljava/lang/Class;+27 java.base@17.0.2
j  java.security.SecureClassLoader.defineClass(Ljava/lang/String;[BIILjava/security/CodeSource;)Ljava/lang/Class;+12 java.base@17.0.2
j  java.net.URLClassLoader.defineClass(Ljava/lang/String;Ljdk/internal/loader/Resource;)Ljava/lang/Class;+220 java.base@17.0.2
j  java.net.URLClassLoader$1.run()Ljava/lang/Class;+43 java.base@17.0.2
j  java.net.URLClassLoader$1.run()Ljava/lang/Object;+1 java.base@17.0.2
j  java.security.AccessController.executePrivileged(Ljava/security/PrivilegedExceptionAction;Ljava/security/AccessControlContext;Ljava/lang/Class;)Ljava/lang/Object;+29 java.base@17.0.2
j  java.security.AccessController.doPrivileged(Ljava/security/PrivilegedExceptionAction;Ljava/security/AccessControlContext;)Ljava/lang/Object;+13 java.base@17.0.2
j  java.net.URLClassLoader.findClass(Ljava/lang/String;)Ljava/lang/Class;+13 java.base@17.0.2
j  org.codehaus.plexus.classworlds.realm.ClassRealm.loadClassFromSelf(Ljava/lang/String;)Ljava/lang/Class;+20
j  org.codehaus.plexus.classworlds.strategy.SelfFirstStrategy.loadClass(Ljava/lang/String;)Ljava/lang/Class;+18
j  org.codehaus.plexus.classworlds.realm.ClassRealm.unsynchronizedLoadClass(Ljava/lang/String;Z)Ljava/lang/Class;+13
j  org.codehaus.plexus.classworlds.realm.ClassRealm.loadClass(Ljava/lang/String;Z)Ljava/lang/Class;+9
j  org.codehaus.plexus.classworlds.realm.ClassRealm.loadClass(Ljava/lang/String;)Ljava/lang/Class;+3
v  ~StubRoutines::call_stub
j  org.apache.maven.cli.MavenCli.cli(Lorg/apache/maven/cli/CliRequest;)V+11
j  org.apache.maven.cli.MavenCli.doMain(Lorg/apache/maven/cli/CliRequest;)I+9
j  org.apache.maven.cli.MavenCli.main([Ljava/lang/String;Lorg/codehaus/plexus/classworlds/ClassWorld;)I+24
v  ~StubRoutines::call_stub
j  jdk.internal.reflect.NativeMethodAccessorImpl.invoke0(Ljava/lang/reflect/Method;Ljava/lang/Object;[Ljava/lang/Object;)Ljava/lang/Object;+0 java.base@17.0.2
j  jdk.internal.reflect.NativeMethodAccessorImpl.invoke(Ljava/lang/Object;[Ljava/lang/Object;)Ljava/lang/Object;+133 java.base@17.0.2
j  jdk.internal.reflect.DelegatingMethodAccessorImpl.invoke(Ljava/lang/Object;[Ljava/lang/Object;)Ljava/lang/Object;+6 java.base@17.0.2
j  java.lang.reflect.Method.invoke(Ljava/lang/Object;[Ljava/lang/Object;)Ljava/lang/Object;+59 java.base@17.0.2
j  org.codehaus.plexus.classworlds.launcher.Launcher.launchEnhanced([Ljava/lang/String;)V+45
j  org.codehaus.plexus.classworlds.launcher.Launcher.launch([Ljava/lang/String;)V+2
j  org.codehaus.plexus.classworlds.launcher.Launcher.mainWithExitCode([Ljava/lang/String;)I+101
j  org.codehaus.plexus.classworlds.launcher.Launcher.main([Ljava/lang/String;)V+1
v  ~StubRoutines::call_stub

---------------  P R O C E S S  ---------------

Threads class SMR info:
_java_thread_list=0x0000025ae987e450, length=12, elements={
0x0000025acb8d38f0, 0x0000025ae8c93460, 0x0000025ae8c93fe0, 0x0000025ae8cac200,
0x0000025ae8cacac0, 0x0000025ae8cad380, 0x0000025ae8cb1140, 0x0000025ae8cb2d40,
0x0000025ae8cbec80, 0x0000025ae8cd3190, 0x0000025ae987b010, 0x0000025ae9881790
}

Java Threads: ( => current thread )
=>0x0000025acb8d38f0 JavaThread "main" [_thread_in_vm, id=5924, stack(0x000000c2f5c00000,0x000000c2f5d00000)]
  0x0000025ae8c93460 JavaThread "Reference Handler" daemon [_thread_blocked, id=8288, stack(0x000000c2f6300000,0x000000c2f6400000)]
  0x0000025ae8c93fe0 JavaThread "Finalizer" daemon [_thread_blocked, id=6684, stack(0x000000c2f6400000,0x000000c2f6500000)]
  0x0000025ae8cac200 JavaThread "Signal Dispatcher" daemon [_thread_blocked, id=7636, stack(0x000000c2f6500000,0x000000c2f6600000)]
  0x0000025ae8cacac0 JavaThread "Attach Listener" daemon [_thread_blocked, id=12704, stack(0x000000c2f6600000,0x000000c2f6700000)]
  0x0000025ae8cad380 JavaThread "Service Thread" daemon [_thread_blocked, id=2796, stack(0x000000c2f6700000,0x000000c2f6800000)]
  0x0000025ae8cb1140 JavaThread "Monitor Deflation Thread" daemon [_thread_blocked, id=11580, stack(0x000000c2f6800000,0x000000c2f6900000)]
  0x0000025ae8cb2d40 JavaThread "C2 CompilerThread0" daemon [_thread_blocked, id=2548, stack(0x000000c2f6900000,0x000000c2f6a00000)]
  0x0000025ae8cbec80 JavaThread "C1 CompilerThread0" daemon [_thread_blocked, id=2360, stack(0x000000c2f6a00000,0x000000c2f6b00000)]
  0x0000025ae8cd3190 JavaThread "Sweeper thread" daemon [_thread_blocked, id=10284, stack(0x000000c2f6b00000,0x000000c2f6c00000)]
  0x0000025ae987b010 JavaThread "Notification Thread" daemon [_thread_blocked, id=9396, stack(0x000000c2f6c00000,0x000000c2f6d00000)]
  0x0000025ae9881790 JavaThread "Common-Cleaner" daemon [_thread_blocked, id=8096, stack(0x000000c2f6e00000,0x000000c2f6f00000)]

Other Threads:
  0x0000025acb9ae210 VMThread "VM Thread" [stack: 0x000000c2f6200000,0x000000c2f6300000] [id=5572]
  0x0000025ae987b4e0 WatcherThread [stack: 0x000000c2f6d00000,0x000000c2f6e00000] [id=5148]
  0x0000025acb90dc20 GCTaskThread "GC Thread#0" [stack: 0x000000c2f5d00000,0x000000c2f5e00000] [id=5968]
  0x0000025acb91d930 ConcurrentGCThread "G1 Main Marker" [stack: 0x000000c2f5e00000,0x000000c2f5f00000] [id=9052]
  0x0000025acb91e9f0 ConcurrentGCThread "G1 Conc#0" [stack: 0x000000c2f5f00000,0x000000c2f6000000] [id=9520]
  0x0000025acb985f00 ConcurrentGCThread "G1 Refine#0" [stack: 0x000000c2f6000000,0x000000c2f6100000] [id=10484]
  0x0000025acb986830 ConcurrentGCThread "G1 Service" [stack: 0x000000c2f6100000,0x000000c2f6200000] [id=6052]

Threads with active compile tasks:

VM state: not at safepoint (normal execution)

VM Mutex/Monitor currently owned by a thread:  ([mutex/lock_event])
[0x0000025acb8cf340] Metaspace_lock - owner thread: 0x0000025acb8d38f0

Heap address: 0x0000000088a00000, size: 1910 MB, Compressed Oops mode: 32-bit

CDS archive(s) mapped at: [0x0000000800000000-0x0000000800bc0000-0x0000000800bc0000), size 12320768, SharedBaseAddress: 0x0000000800000000, ArchiveRelocationMode: 0.
Compressed class space mapped at: 0x0000000800c00000-0x0000000840c00000, reserved size: 1073741824
Narrow klass base: 0x0000000800000000, Narrow klass shift: 0, Narrow klass range: 0x100000000

GC Precious Log:
 CPUs: 4 total, 4 available
 Memory: 7637M
 Large Page Support: Disabled
 NUMA Support: Disabled
 Compressed Oops: Enabled (32-bit)
 Heap Region Size: 1M
 Heap Min Capacity: 8M
 Heap Initial Capacity: 120M
 Heap Max Capacity: 1910M
 Pre-touch: Disabled
 Parallel Workers: 4
 Concurrent Workers: 1
 Concurrent Refinement Workers: 4
 Periodic GC: Disabled

Heap:
 garbage-first heap   total 122880K, used 3072K [0x0000000088a00000, 0x0000000100000000)
  region size 1024K, 4 young (4096K), 0 survivors (0K)
 Metaspace       used 1000K, committed 1088K, reserved 1056768K
  class space    used 74K, committed 128K, reserved 1048576K

Heap Regions: E=young(eden), S=young(survivor), O=old, HS=humongous(starts), HC=humongous(continues), CS=collection set, F=free, OA=open archive, CA=closed archive, TAMS=top-at-mark-start (previous, next)
|   0|0x0000000088a00000, 0x0000000088a00000, 0x0000000088b00000|  0%| F|  |TAMS 0x0000000088a00000, 0x0000000088a00000| Untracked 
|   1|0x0000000088b00000, 0x0000000088b00000, 0x0000000088c00000|  0%| F|  |TAMS 0x0000000088b00000, 0x0000000088b00000| Untracked 
|   2|0x0000000088c00000, 0x0000000088c00000, 0x0000000088d00000|  0%| F|  |TAMS 0x0000000088c00000, 0x0000000088c00000| Untracked 
|   3|0x0000000088d00000, 0x0000000088d00000, 0x0000000088e00000|  0%| F|  |TAMS 0x0000000088d00000, 0x0000000088d00000| Untracked 
|   4|0x0000000088e00000, 0x0000000088e00000, 0x0000000088f00000|  0%| F|  |TAMS 0x0000000088e00000, 0x0000000088e00000| Untracked 
|   5|0x0000000088f00000, 0x0000000088f00000, 0x0000000089000000|  0%| F|  |TAMS 0x0000000088f00000, 0x0000000088f00000| Untracked 
|   6|0x0000000089000000, 0x0000000089000000, 0x0000000089100000|  0%| F|  |TAMS 0x0000000089000000, 0x0000000089000000| Untracked 
|   7|0x0000000089100000, 0x0000000089100000, 0x0000000089200000|  0%| F|  |TAMS 0x0000000089100000, 0x0000000089100000| Untracked 
|   8|0x0000000089200000, 0x0000000089200000, 0x0000000089300000|  0%| F|  |TAMS 0x0000000089200000, 0x0000000089200000| Untracked 
|   9|0x0000000089300000, 0x0000000089300000, 0x0000000089400000|  0%| F|  |TAMS 0x0000000089300000, 0x0000000089300000| Untracked 
|  10|0x0000000089400000, 0x0000000089400000, 0x0000000089500000|  0%| F|  |TAMS 0x0000000089400000, 0x0000000089400000| Untracked 
|  11|0x0000000089500000, 0x0000000089500000, 0x0000000089600000|  0%| F|  |TAMS 0x0000000089500000, 0x0000000089500000| Untracked 
|  12|0x0000000089600000, 0x0000000089600000, 0x0000000089700000|  0%| F|  |TAMS 0x0000000089600000, 0x0000000089600000| Untracked 
|  13|0x0000000089700000, 0x0000000089700000, 0x0000000089800000|  0%| F|  |TAMS 0x0000000089700000, 0x0000000089700000| Untracked 
|  14|0x0000000089800000, 0x0000000089800000, 0x0000000089900000|  0%| F|  |TAMS 0x0000000089800000, 0x0000000089800000| Untracked 
|  15|0x0000000089900000, 0x0000000089900000, 0x0000000089a00000|  0%| F|  |TAMS 0x0000000089900000, 0x0000000089900000| Untracked 
|  16|0x0000000089a00000, 0x0000000089a00000, 0x0000000089b00000|  0%| F|  |TAMS 0x0000000089a00000, 0x0000000089a00000| Untracked 
|  17|0x0000000089b00000, 0x0000000089b00000, 0x0000000089c00000|  0%| F|  |TAMS 0x0000000089b00000, 0x0000000089b00000| Untracked 
|  18|0x0000000089c00000, 0x0000000089c00000, 0x0000000089d00000|  0%| F|  |TAMS 0x0000000089c00000, 0x0000000089c00000| Untracked 
|  19|0x0000000089d00000, 0x0000000089d00000, 0x0000000089e00000|  0%| F|  |TAMS 0x0000000089d00000, 0x0000000089d00000| Untracked 
|  20|0x0000000089e00000, 0x0000000089e00000, 0x0000000089f00000|  0%| F|  |TAMS 0x0000000089e00000, 0x0000000089e00000| Untracked 
|  21|0x0000000089f00000, 0x0000000089f00000, 0x000000008a000000|  0%| F|  |TAMS 0x0000000089f00000, 0x0000000089f00000| Untracked 
|  22|0x000000008a000000, 0x000000008a000000, 0x000000008a100000|  0%| F|  |TAMS 0x000000008a000000, 0x000000008a000000| Untracked 
|  23|0x000000008a100000, 0x000000008a100000, 0x000000008a200000|  0%| F|  |TAMS 0x000000008a100000, 0x000000008a100000| Untracked 
|  24|0x000000008a200000, 0x000000008a200000, 0x000000008a300000|  0%| F|  |TAMS 0x000000008a200000, 0x000000008a200000| Untracked 
|  25|0x000000008a300000, 0x000000008a300000, 0x000000008a400000|  0%| F|  |TAMS 0x000000008a300000, 0x000000008a300000| Untracked 
|  26|0x000000008a400000, 0x000000008a400000, 0x000000008a500000|  0%| F|  |TAMS 0x000000008a400000, 0x000000008a400000| Untracked 
|  27|0x000000008a500000, 0x000000008a500000, 0x000000008a600000|  0%| F|  |TAMS 0x000000008a500000, 0x000000008a500000| Untracked 
|  28|0x000000008a600000, 0x000000008a600000, 0x000000008a700000|  0%| F|  |TAMS 0x000000008a600000, 0x000000008a600000| Untracked 
|  29|0x000000008a700000, 0x000000008a700000, 0x000000008a800000|  0%| F|  |TAMS 0x000000008a700000, 0x000000008a700000| Untracked 
|  30|0x000000008a800000, 0x000000008a800000, 0x000000008a900000|  0%| F|  |TAMS 0x000000008a800000, 0x000000008a800000| Untracked 
|  31|0x000000008a900000, 0x000000008a900000, 0x000000008aa00000|  0%| F|  |TAMS 0x000000008a900000, 0x000000008a900000| Untracked 
|  32|0x000000008aa00000, 0x000000008aa00000, 0x000000008ab00000|  0%| F|  |TAMS 0x000000008aa00000, 0x000000008aa00000| Untracked 
|  33|0x000000008ab00000, 0x000000008ab00000, 0x000000008ac00000|  0%| F|  |TAMS 0x000000008ab00000, 0x000000008ab00000| Untracked 
|  34|0x000000008ac00000, 0x000000008ac00000, 0x000000008ad00000|  0%| F|  |TAMS 0x000000008ac00000, 0x000000008ac00000| Untracked 
|  35|0x000000008ad00000, 0x000000008ad00000, 0x000000008ae00000|  0%| F|  |TAMS 0x000000008ad00000, 0x000000008ad00000| Untracked 
|  36|0x000000008ae00000, 0x000000008ae00000, 0x000000008af00000|  0%| F|  |TAMS 0x000000008ae00000, 0x000000008ae00000| Untracked 
|  37|0x000000008af00000, 0x000000008af00000, 0x000000008b000000|  0%| F|  |TAMS 0x000000008af00000, 0x000000008af00000| Untracked 
|  38|0x000000008b000000, 0x000000008b000000, 0x000000008b100000|  0%| F|  |TAMS 0x000000008b000000, 0x000000008b000000| Untracked 
|  39|0x000000008b100000, 0x000000008b100000, 0x000000008b200000|  0%| F|  |TAMS 0x000000008b100000, 0x000000008b100000| Untracked 
|  40|0x000000008b200000, 0x000000008b200000, 0x000000008b300000|  0%| F|  |TAMS 0x000000008b200000, 0x000000008b200000| Untracked 
|  41|0x000000008b300000, 0x000000008b300000, 0x000000008b400000|  0%| F|  |TAMS 0x000000008b300000, 0x000000008b300000| Untracked 
|  42|0x000000008b400000, 0x000000008b400000, 0x000000008b500000|  0%| F|  |TAMS 0x000000008b400000, 0x000000008b400000| Untracked 
|  43|0x000000008b500000, 0x000000008b500000, 0x000000008b600000|  0%| F|  |TAMS 0x000000008b500000, 0x000000008b500000| Untracked 
|  44|0x000000008b600000, 0x000000008b600000, 0x000000008b700000|  0%| F|  |TAMS 0x000000008b600000, 0x000000008b600000| Untracked 
|  45|0x000000008b700000, 0x000000008b700000, 0x000000008b800000|  0%| F|  |TAMS 0x000000008b700000, 0x000000008b700000| Untracked 
|  46|0x000000008b800000, 0x000000008b800000, 0x000000008b900000|  0%| F|  |TAMS 0x000000008b800000, 0x000000008b800000| Untracked 
|  47|0x000000008b900000, 0x000000008b900000, 0x000000008ba00000|  0%| F|  |TAMS 0x000000008b900000, 0x000000008b900000| Untracked 
|  48|0x000000008ba00000, 0x000000008ba00000, 0x000000008bb00000|  0%| F|  |TAMS 0x000000008ba00000, 0x000000008ba00000| Untracked 
|  49|0x000000008bb00000, 0x000000008bb00000, 0x000000008bc00000|  0%| F|  |TAMS 0x000000008bb00000, 0x000000008bb00000| Untracked 
|  50|0x000000008bc00000, 0x000000008bc00000, 0x000000008bd00000|  0%| F|  |TAMS 0x000000008bc00000, 0x000000008bc00000| Untracked 
|  51|0x000000008bd00000, 0x000000008bd00000, 0x000000008be00000|  0%| F|  |TAMS 0x000000008bd00000, 0x000000008bd00000| Untracked 
|  52|0x000000008be00000, 0x000000008be00000, 0x000000008bf00000|  0%| F|  |TAMS 0x000000008be00000, 0x000000008be00000| Untracked 
|  53|0x000000008bf00000, 0x000000008bf00000, 0x000000008c000000|  0%| F|  |TAMS 0x000000008bf00000, 0x000000008bf00000| Untracked 
|  54|0x000000008c000000, 0x000000008c000000, 0x000000008c100000|  0%| F|  |TAMS 0x000000008c000000, 0x000000008c000000| Untracked 
|  55|0x000000008c100000, 0x000000008c100000, 0x000000008c200000|  0%| F|  |TAMS 0x000000008c100000, 0x000000008c100000| Untracked 
|  56|0x000000008c200000, 0x000000008c200000, 0x000000008c300000|  0%| F|  |TAMS 0x000000008c200000, 0x000000008c200000| Untracked 
|  57|0x000000008c300000, 0x000000008c300000, 0x000000008c400000|  0%| F|  |TAMS 0x000000008c300000, 0x000000008c300000| Untracked 
|  58|0x000000008c400000, 0x000000008c400000, 0x000000008c500000|  0%| F|  |TAMS 0x000000008c400000, 0x000000008c400000| Untracked 
|  59|0x000000008c500000, 0x000000008c500000, 0x000000008c600000|  0%| F|  |TAMS 0x000000008c500000, 0x000000008c500000| Untracked 
|  60|0x000000008c600000, 0x000000008c600000, 0x000000008c700000|  0%| F|  |TAMS 0x000000008c600000, 0x000000008c600000| Untracked 
|  61|0x000000008c700000, 0x000000008c700000, 0x000000008c800000|  0%| F|  |TAMS 0x000000008c700000, 0x000000008c700000| Untracked 
|  62|0x000000008c800000, 0x000000008c800000, 0x000000008c900000|  0%| F|  |TAMS 0x000000008c800000, 0x000000008c800000| Untracked 
|  63|0x000000008c900000, 0x000000008c900000, 0x000000008ca00000|  0%| F|  |TAMS 0x000000008c900000, 0x000000008c900000| Untracked 
|  64|0x000000008ca00000, 0x000000008ca00000, 0x000000008cb00000|  0%| F|  |TAMS 0x000000008ca00000, 0x000000008ca00000| Untracked 
|  65|0x000000008cb00000, 0x000000008cb00000, 0x000000008cc00000|  0%| F|  |TAMS 0x000000008cb00000, 0x000000008cb00000| Untracked 
|  66|0x000000008cc00000, 0x000000008cc00000, 0x000000008cd00000|  0%| F|  |TAMS 0x000000008cc00000, 0x000000008cc00000| Untracked 
|  67|0x000000008cd00000, 0x000000008cd00000, 0x000000008ce00000|  0%| F|  |TAMS 0x000000008cd00000, 0x000000008cd00000| Untracked 
|  68|0x000000008ce00000, 0x000000008ce00000, 0x000000008cf00000|  0%| F|  |TAMS 0x000000008ce00000, 0x000000008ce00000| Untracked 
|  69|0x000000008cf00000, 0x000000008cf00000, 0x000000008d000000|  0%| F|  |TAMS 0x000000008cf00000, 0x000000008cf00000| Untracked 
|  70|0x000000008d000000, 0x000000008d000000, 0x000000008d100000|  0%| F|  |TAMS 0x000000008d000000, 0x000000008d000000| Untracked 
|  71|0x000000008d100000, 0x000000008d100000, 0x000000008d200000|  0%| F|  |TAMS 0x000000008d100000, 0x000000008d100000| Untracked 
|  72|0x000000008d200000, 0x000000008d200000, 0x000000008d300000|  0%| F|  |TAMS 0x000000008d200000, 0x000000008d200000| Untracked 
|  73|0x000000008d300000, 0x000000008d300000, 0x000000008d400000|  0%| F|  |TAMS 0x000000008d300000, 0x000000008d300000| Untracked 
|  74|0x000000008d400000, 0x000000008d400000, 0x000000008d500000|  0%| F|  |TAMS 0x000000008d400000, 0x000000008d400000| Untracked 
|  75|0x000000008d500000, 0x000000008d500000, 0x000000008d600000|  0%| F|  |TAMS 0x000000008d500000, 0x000000008d500000| Untracked 
|  76|0x000000008d600000, 0x000000008d600000, 0x000000008d700000|  0%| F|  |TAMS 0x000000008d600000, 0x000000008d600000| Untracked 
|  77|0x000000008d700000, 0x000000008d700000, 0x000000008d800000|  0%| F|  |TAMS 0x000000008d700000, 0x000000008d700000| Untracked 
|  78|0x000000008d800000, 0x000000008d800000, 0x000000008d900000|  0%| F|  |TAMS 0x000000008d800000, 0x000000008d800000| Untracked 
|  79|0x000000008d900000, 0x000000008d900000, 0x000000008da00000|  0%| F|  |TAMS 0x000000008d900000, 0x000000008d900000| Untracked 
|  80|0x000000008da00000, 0x000000008da00000, 0x000000008db00000|  0%| F|  |TAMS 0x000000008da00000, 0x000000008da00000| Untracked 
|  81|0x000000008db00000, 0x000000008db00000, 0x000000008dc00000|  0%| F|  |TAMS 0x000000008db00000, 0x000000008db00000| Untracked 
|  82|0x000000008dc00000, 0x000000008dc00000, 0x000000008dd00000|  0%| F|  |TAMS 0x000000008dc00000, 0x000000008dc00000| Untracked 
|  83|0x000000008dd00000, 0x000000008dd00000, 0x000000008de00000|  0%| F|  |TAMS 0x000000008dd00000, 0x000000008dd00000| Untracked 
|  84|0x000000008de00000, 0x000000008de00000, 0x000000008df00000|  0%| F|  |TAMS 0x000000008de00000, 0x000000008de00000| Untracked 
|  85|0x000000008df00000, 0x000000008df00000, 0x000000008e000000|  0%| F|  |TAMS 0x000000008df00000, 0x000000008df00000| Untracked 
|  86|0x000000008e000000, 0x000000008e000000, 0x000000008e100000|  0%| F|  |TAMS 0x000000008e000000, 0x000000008e000000| Untracked 
|  87|0x000000008e100000, 0x000000008e100000, 0x000000008e200000|  0%| F|  |TAMS 0x000000008e100000, 0x000000008e100000| Untracked 
|  88|0x000000008e200000, 0x000000008e200000, 0x000000008e300000|  0%| F|  |TAMS 0x000000008e200000, 0x000000008e200000| Untracked 
|  89|0x000000008e300000, 0x000000008e300000, 0x000000008e400000|  0%| F|  |TAMS 0x000000008e300000, 0x000000008e300000| Untracked 
|  90|0x000000008e400000, 0x000000008e400000, 0x000000008e500000|  0%| F|  |TAMS 0x000000008e400000, 0x000000008e400000| Untracked 
|  91|0x000000008e500000, 0x000000008e500000, 0x000000008e600000|  0%| F|  |TAMS 0x000000008e500000, 0x000000008e500000| Untracked 
|  92|0x000000008e600000, 0x000000008e600000, 0x000000008e700000|  0%| F|  |TAMS 0x000000008e600000, 0x000000008e600000| Untracked 
|  93|0x000000008e700000, 0x000000008e700000, 0x000000008e800000|  0%| F|  |TAMS 0x000000008e700000, 0x000000008e700000| Untracked 
|  94|0x000000008e800000, 0x000000008e800000, 0x000000008e900000|  0%| F|  |TAMS 0x000000008e800000, 0x000000008e800000| Untracked 
|  95|0x000000008e900000, 0x000000008e900000, 0x000000008ea00000|  0%| F|  |TAMS 0x000000008e900000, 0x000000008e900000| Untracked 
|  96|0x000000008ea00000, 0x000000008ea00000, 0x000000008eb00000|  0%| F|  |TAMS 0x000000008ea00000, 0x000000008ea00000| Untracked 
|  97|0x000000008eb00000, 0x000000008eb00000, 0x000000008ec00000|  0%| F|  |TAMS 0x000000008eb00000, 0x000000008eb00000| Untracked 
|  98|0x000000008ec00000, 0x000000008ec00000, 0x000000008ed00000|  0%| F|  |TAMS 0x000000008ec00000, 0x000000008ec00000| Untracked 
|  99|0x000000008ed00000, 0x000000008ed00000, 0x000000008ee00000|  0%| F|  |TAMS 0x000000008ed00000, 0x000000008ed00000| Untracked 
| 100|0x000000008ee00000, 0x000000008ee00000, 0x000000008ef00000|  0%| F|  |TAMS 0x000000008ee00000, 0x000000008ee00000| Untracked 
| 101|0x000000008ef00000, 0x000000008ef00000, 0x000000008f000000|  0%| F|  |TAMS 0x000000008ef00000, 0x000000008ef00000| Untracked 
| 102|0x000000008f000000, 0x000000008f000000, 0x000000008f100000|  0%| F|  |TAMS 0x000000008f000000, 0x000000008f000000| Untracked 
| 103|0x000000008f100000, 0x000000008f100000, 0x000000008f200000|  0%| F|  |TAMS 0x000000008f100000, 0x000000008f100000| Untracked 
| 104|0x000000008f200000, 0x000000008f200000, 0x000000008f300000|  0%| F|  |TAMS 0x000000008f200000, 0x000000008f200000| Untracked 
| 105|0x000000008f300000, 0x000000008f300000, 0x000000008f400000|  0%| F|  |TAMS 0x000000008f300000, 0x000000008f300000| Untracked 
| 106|0x000000008f400000, 0x000000008f400000, 0x000000008f500000|  0%| F|  |TAMS 0x000000008f400000, 0x000000008f400000| Untracked 
| 107|0x000000008f500000, 0x000000008f500000, 0x000000008f600000|  0%| F|  |TAMS 0x000000008f500000, 0x000000008f500000| Untracked 
| 108|0x000000008f600000, 0x000000008f600000, 0x000000008f700000|  0%| F|  |TAMS 0x000000008f600000, 0x000000008f600000| Untracked 
| 109|0x000000008f700000, 0x000000008f700000, 0x000000008f800000|  0%| F|  |TAMS 0x000000008f700000, 0x000000008f700000| Untracked 
| 110|0x000000008f800000, 0x000000008f800000, 0x000000008f900000|  0%| F|  |TAMS 0x000000008f800000, 0x000000008f800000| Untracked 
| 111|0x000000008f900000, 0x000000008f900000, 0x000000008fa00000|  0%| F|  |TAMS 0x000000008f900000, 0x000000008f900000| Untracked 
| 112|0x000000008fa00000, 0x000000008fa00000, 0x000000008fb00000|  0%| F|  |TAMS 0x000000008fa00000, 0x000000008fa00000| Untracked 
| 113|0x000000008fb00000, 0x000000008fb00000, 0x000000008fc00000|  0%| F|  |TAMS 0x000000008fb00000, 0x000000008fb00000| Untracked 
| 114|0x000000008fc00000, 0x000000008fc00000, 0x000000008fd00000|  0%| F|  |TAMS 0x000000008fc00000, 0x000000008fc00000| Untracked 
| 115|0x000000008fd00000, 0x000000008fd00000, 0x000000008fe00000|  0%| F|  |TAMS 0x000000008fd00000, 0x000000008fd00000| Untracked 
| 116|0x000000008fe00000, 0x000000008ff00000, 0x000000008ff00000|100%| E|  |TAMS 0x000000008fe00000, 0x000000008fe00000| Complete 
| 117|0x000000008ff00000, 0x0000000090000000, 0x0000000090000000|100%| E|CS|TAMS 0x000000008ff00000, 0x000000008ff00000| Complete 
| 118|0x0000000090000000, 0x0000000090100000, 0x0000000090100000|100%| E|CS|TAMS 0x0000000090000000, 0x0000000090000000| Complete 
| 119|0x0000000090100000, 0x0000000090200000, 0x0000000090200000|100%| E|CS|TAMS 0x0000000090100000, 0x0000000090100000| Complete 

Card table byte_map: [0x0000025ae24f0000,0x0000025ae28b0000] _byte_map_base: 0x0000025ae20ab000

Marking Bits (Prev, Next): (CMBitMap*) 0x0000025acb90e140, (CMBitMap*) 0x0000025acb90e180
 Prev Bits: [0x0000025ae2c70000, 0x0000025ae4a48000)
 Next Bits: [0x0000025ae4a50000, 0x0000025ae6828000)

Polling page: 0x0000025ac96e0000

Metaspace:

Usage:
  Non-class:    926.13 KB used.
      Class:     74.58 KB used.
       Both:   1000.71 KB used.

Virtual space:
  Non-class space:        8.00 MB reserved,     960.00 KB ( 12%) committed,  1 nodes.
      Class space:        1.00 GB reserved,     128.00 KB ( <1%) committed,  1 nodes.
             Both:        1.01 GB reserved,       1.06 MB ( <1%) committed. 

Chunk freelists:
   Non-Class:  3.61 MB
       Class:  3.69 MB
        Both:  7.30 MB

MaxMetaspaceSize: unlimited
CompressedClassSpaceSize: 1.00 GB
Initial GC threshold: 21.00 MB
Current GC threshold: 21.00 MB
CDS: on
MetaspaceReclaimPolicy: balanced
 - commit_granule_bytes: 65536.
 - commit_granule_words: 8192.
 - virtual_space_node_default_size: 1048576.
 - enlarge_chunks_in_place: 1.
 - new_chunks_are_fully_committed: 0.
 - uncommit_free_chunks: 1.
 - use_allocation_guard: 0.
 - handle_deallocations: 1.


Internal statistics:

num_allocs_failed_limit: 0.
num_arena_births: 8.
num_arena_deaths: 0.
num_vsnodes_births: 2.
num_vsnodes_deaths: 0.
num_space_committed: 17.
num_space_uncommitted: 0.
num_chunks_returned_to_freelist: 0.
num_chunks_taken_from_freelist: 35.
num_chunk_merges: 0.
num_chunk_splits: 22.
num_chunks_enlarged: 18.
num_purges: 0.
num_inconsistent_stats: 0.

CodeHeap 'non-profiled nmethods': size=120000Kb used=88Kb max_used=88Kb free=119911Kb
 bounds [0x0000025adac00000, 0x0000025adae70000, 0x0000025ae2130000]
CodeHeap 'profiled nmethods': size=120000Kb used=427Kb max_used=427Kb free=119572Kb
 bounds [0x0000025ad36d0000, 0x0000025ad3940000, 0x0000025adac00000]
CodeHeap 'non-nmethods': size=5760Kb used=1099Kb max_used=1113Kb free=4660Kb
 bounds [0x0000025ad3130000, 0x0000025ad33a0000, 0x0000025ad36d0000]
 total_blobs=672 nmethods=297 adapters=289
 compilation: enabled
              stopped_count=0, restarted_count=0
 full_count=0

Compilation events (20 events):
Event: 0.709 Thread 0x0000025ae8cbec80  288       1       java.security.CodeSource::getLocationNoFragString (5 bytes)
Event: 0.710 Thread 0x0000025ae8cbec80 nmethod 288 0x0000025adac15290 code [0x0000025adac15420, 0x0000025adac154f8]
Event: 0.713 Thread 0x0000025ae8cb2d40  289       4       java.lang.StringLatin1::equals (36 bytes)
Event: 0.714 Thread 0x0000025ae8cbec80  290       3       java.lang.String::<init> (74 bytes)
Event: 0.715 Thread 0x0000025ae8cbec80 nmethod 290 0x0000025ad3735910 code [0x0000025ad3735ae0, 0x0000025ad3735ef8]
Event: 0.715 Thread 0x0000025ae8cbec80  291       3       java.io.WinNTFileSystem::prefixLength (91 bytes)
Event: 0.719 Thread 0x0000025ae8cbec80 nmethod 291 0x0000025ad3736010 code [0x0000025ad3736320, 0x0000025ad3737698]
Event: 0.722 Thread 0x0000025ae8cb2d40 nmethod 289 0x0000025adac15590 code [0x0000025adac15700, 0x0000025adac158b8]
Event: 0.724 Thread 0x0000025ae8cbec80  292       1       jdk.internal.loader.URLClassPath$Loader::getBaseURL (5 bytes)
Event: 0.725 Thread 0x0000025ae8cbec80 nmethod 292 0x0000025adac15990 code [0x0000025adac15b20, 0x0000025adac15bf8]
Event: 0.725 Thread 0x0000025ae8cb2d40  293       4       java.lang.StringLatin1::lastIndexOf (40 bytes)
Event: 0.726 Thread 0x0000025ae8cbec80  294       3       java.util.ArrayDeque::inc (12 bytes)
Event: 0.726 Thread 0x0000025ae8cbec80 nmethod 294 0x0000025ad3737d10 code [0x0000025ad3737ea0, 0x0000025ad3737fd8]
Event: 0.732 Thread 0x0000025ae8cbec80  295  s!   3       jdk.internal.loader.URLClassPath::getLoader (194 bytes)
Event: 0.733 Thread 0x0000025ae8cb2d40 nmethod 293 0x0000025adac15c90 code [0x0000025adac15e00, 0x0000025adac15f78]
Event: 0.735 Thread 0x0000025ae8cbec80 nmethod 295 0x0000025ad3738090 code [0x0000025ad3738380, 0x0000025ad3739688]
Event: 0.743 Thread 0x0000025ae8cbec80  296       1       java.security.CodeSource::getLocation (5 bytes)
Event: 0.744 Thread 0x0000025ae8cbec80 nmethod 296 0x0000025adac16090 code [0x0000025adac16220, 0x0000025adac162f8]
Event: 0.746 Thread 0x0000025ae8cbec80  297       3       sun.net.www.ParseUtil::firstEncodeIndex (86 bytes)
Event: 0.748 Thread 0x0000025ae8cbec80 nmethod 297 0x0000025ad3739e10 code [0x0000025ad373a060, 0x0000025ad373aa28]

GC Heap History (0 events):
No events

Deoptimization events (4 events):
Event: 0.608 Thread 0x0000025acb8d38f0 Uncommon trap: trap_request=0xffffff45 fr.pc=0x0000025adac0b764 relative=0x0000000000000064
Event: 0.608 Thread 0x0000025acb8d38f0 Uncommon trap: reason=unstable_if action=reinterpret pc=0x0000025adac0b764 method=java.io.WinNTFileSystem.isSlash(C)Z @ 9 c2
Event: 0.608 Thread 0x0000025acb8d38f0 DEOPT PACKING pc=0x0000025adac0b764 sp=0x000000c2f5cfe1b0
Event: 0.608 Thread 0x0000025acb8d38f0 DEOPT UNPACKING pc=0x0000025ad31823a3 sp=0x000000c2f5cfe138 mode 2

Classes unloaded (0 events):
No events

Classes redefined (0 events):
No events

Internal exceptions (0 events):
No events

VM Operations (4 events):
Event: 0.230 Executing VM operation: HandshakeAllThreads
Event: 0.230 Executing VM operation: HandshakeAllThreads done
Event: 0.682 Executing VM operation: HandshakeAllThreads
Event: 0.682 Executing VM operation: HandshakeAllThreads done

Events (20 events):
Event: 0.659 loading class java/lang/InheritableThreadLocal
Event: 0.659 loading class java/lang/InheritableThreadLocal done
Event: 0.682 loading class java/lang/ProcessEnvironment
Event: 0.682 loading class java/lang/ProcessEnvironment done
Event: 0.682 loading class java/lang/ProcessEnvironment$NameComparator
Event: 0.683 loading class java/lang/ProcessEnvironment$NameComparator done
Event: 0.683 loading class java/lang/ProcessEnvironment$EntryComparator
Event: 0.683 loading class java/lang/ProcessEnvironment$EntryComparator done
Event: 0.684 loading class java/lang/ProcessEnvironment$CheckedEntrySet
Event: 0.684 loading class java/lang/ProcessEnvironment$CheckedEntrySet done
Event: 0.684 loading class java/lang/ProcessEnvironment$CheckedEntrySet$1
Event: 0.684 loading class java/lang/ProcessEnvironment$CheckedEntrySet$1 done
Event: 0.684 loading class java/lang/ProcessEnvironment$CheckedEntry
Event: 0.684 loading class java/lang/ProcessEnvironment$CheckedEntry done
Event: 0.691 Loaded shared library C:\Program Files\Java\jdk-17.0.2\bin\verify.dll
Event: 0.696 loading class java/lang/UnsatisfiedLinkError
Event: 0.696 loading class java/lang/UnsatisfiedLinkError done
Event: 0.705 Loaded shared library C:\Program Files\NetBeans-12.6\netbeans\java\maven\lib\jansi-native\windows64\jansi.dll
Event: 0.705 loading class jdk/internal/loader/NativeLibraries$Unloader
Event: 0.706 loading class jdk/internal/loader/NativeLibraries$Unloader done


Dynamic libraries:
0x00007ff7b42a0000 - 0x00007ff7b42b0000 	C:\Program Files\Java\jdk-17.0.2\bin\java.exe
0x00007ffad80d0000 - 0x00007ffad82c5000 	C:\WINDOWS\SYSTEM32\ntdll.dll
0x00007ffad7890000 - 0x00007ffad794e000 	C:\WINDOWS\System32\KERNEL32.DLL
0x00007ffad5bf0000 - 0x00007ffad5eb8000 	C:\WINDOWS\System32\KERNELBASE.dll
0x00007ffad5ac0000 - 0x00007ffad5bc0000 	C:\WINDOWS\System32\ucrtbase.dll
0x00007ffad29a0000 - 0x00007ffad29b8000 	C:\Program Files\Java\jdk-17.0.2\bin\jli.dll
0x00007ffacfcb0000 - 0x00007ffacfcca000 	C:\Program Files\Java\jdk-17.0.2\bin\VCRUNTIME140.dll
0x00007ffad7100000 - 0x00007ffad71ae000 	C:\WINDOWS\System32\ADVAPI32.dll
0x00007ffad7060000 - 0x00007ffad70fe000 	C:\WINDOWS\System32\msvcrt.dll
0x00007ffad7460000 - 0x00007ffad74fc000 	C:\WINDOWS\System32\sechost.dll
0x00007ffad6340000 - 0x00007ffad6465000 	C:\WINDOWS\System32\RPCRT4.dll
0x00007ffad61a0000 - 0x00007ffad6340000 	C:\WINDOWS\System32\USER32.dll
0x00007ffad5bc0000 - 0x00007ffad5be2000 	C:\WINDOWS\System32\win32u.dll
0x00007ffac7f40000 - 0x00007ffac81da000 	C:\WINDOWS\WinSxS\amd64_microsoft.windows.common-controls_6595b64144ccf1df_6.0.19041.1110_none_60b5254171f9507e\COMCTL32.dll
0x00007ffad8050000 - 0x00007ffad807b000 	C:\WINDOWS\System32\GDI32.dll
0x00007ffad5fa0000 - 0x00007ffad60ad000 	C:\WINDOWS\System32\gdi32full.dll
0x00007ffad57e0000 - 0x00007ffad587d000 	C:\WINDOWS\System32\msvcp_win.dll
0x00007ffacd740000 - 0x00007ffacd74a000 	C:\WINDOWS\SYSTEM32\VERSION.dll
0x00007ffad7860000 - 0x00007ffad7890000 	C:\WINDOWS\System32\IMM32.DLL
0x00007ffad2970000 - 0x00007ffad297c000 	C:\Program Files\Java\jdk-17.0.2\bin\vcruntime140_1.dll
0x00007ffa89e60000 - 0x00007ffa89eed000 	C:\Program Files\Java\jdk-17.0.2\bin\msvcp140.dll
0x00007ffa816a0000 - 0x00007ffa82261000 	C:\Program Files\Java\jdk-17.0.2\bin\server\jvm.dll
0x00007ffad7050000 - 0x00007ffad7058000 	C:\WINDOWS\System32\PSAPI.DLL
0x00007ffad2980000 - 0x00007ffad2989000 	C:\WINDOWS\SYSTEM32\WSOCK32.dll
0x00007ffacd750000 - 0x00007ffacd777000 	C:\WINDOWS\SYSTEM32\WINMM.dll
0x00007ffad7950000 - 0x00007ffad79bb000 	C:\WINDOWS\System32\WS2_32.dll
0x00007ffad43b0000 - 0x00007ffad43c2000 	C:\WINDOWS\SYSTEM32\kernel.appcore.dll
0x00007ffad1230000 - 0x00007ffad123a000 	C:\Program Files\Java\jdk-17.0.2\bin\jimage.dll
0x00007ffac54f0000 - 0x00007ffac56d4000 	C:\WINDOWS\SYSTEM32\DBGHELP.DLL
0x00007ffac5880000 - 0x00007ffac58ac000 	C:\WINDOWS\SYSTEM32\dbgcore.DLL
0x00007ffad5ec0000 - 0x00007ffad5f42000 	C:\WINDOWS\System32\bcryptPrimitives.dll
0x00007ffacaf00000 - 0x00007ffacaf25000 	C:\Program Files\Java\jdk-17.0.2\bin\java.dll
0x00007ffa9b2b0000 - 0x00007ffa9b386000 	C:\Program Files\Java\jdk-17.0.2\bin\jsvml.dll
0x00007ffad6900000 - 0x00007ffad7044000 	C:\WINDOWS\System32\SHELL32.dll
0x00007ffad3800000 - 0x00007ffad3f94000 	C:\WINDOWS\SYSTEM32\windows.storage.dll
0x00007ffad7500000 - 0x00007ffad7855000 	C:\WINDOWS\System32\combase.dll
0x00007ffad5230000 - 0x00007ffad525e000 	C:\WINDOWS\SYSTEM32\Wldp.dll
0x00007ffad6470000 - 0x00007ffad651d000 	C:\WINDOWS\System32\SHCORE.dll
0x00007ffad6600000 - 0x00007ffad6655000 	C:\WINDOWS\System32\shlwapi.dll
0x00007ffad5720000 - 0x00007ffad573f000 	C:\WINDOWS\SYSTEM32\profapi.dll
0x00007ffaceaa0000 - 0x00007ffaceab9000 	C:\Program Files\Java\jdk-17.0.2\bin\net.dll
0x00007ffacb800000 - 0x00007ffacb90c000 	C:\WINDOWS\SYSTEM32\WINHTTP.dll
0x00007ffad4f90000 - 0x00007ffad4ffa000 	C:\WINDOWS\system32\mswsock.dll
0x00007fface8e0000 - 0x00007fface8f6000 	C:\Program Files\Java\jdk-17.0.2\bin\nio.dll
0x00007ffaca9e0000 - 0x00007ffaca9f8000 	C:\Program Files\Java\jdk-17.0.2\bin\zip.dll
0x00007ffad0290000 - 0x00007ffad02a0000 	C:\Program Files\Java\jdk-17.0.2\bin\verify.dll
0x00007ffacfcf0000 - 0x00007ffacfcfa000 	C:\Program Files\NetBeans-12.6\netbeans\java\maven\lib\jansi-native\windows64\jansi.dll

dbghelp: loaded successfully - version: 4.0.5 - missing functions: none
symbol engine: initialized successfully - sym options: 0x614 - pdb path: .;C:\Program Files\Java\jdk-17.0.2\bin;C:\WINDOWS\SYSTEM32;C:\WINDOWS\WinSxS\amd64_microsoft.windows.common-controls_6595b64144ccf1df_6.0.19041.1110_none_60b5254171f9507e;C:\Program Files\Java\jdk-17.0.2\bin\server;C:\Program Files\NetBeans-12.6\netbeans\java\maven\lib\jansi-native\windows64

VM Arguments:
jvm_args: -Dclassworlds.conf=C:\Program Files\NetBeans-12.6\netbeans\java\maven\bin\..\bin\m2.conf -Dmaven.home=C:\Program Files\NetBeans-12.6\netbeans\java\maven\bin\.. -Dlibrary.jansi.path=C:\Program Files\NetBeans-12.6\netbeans\java\maven\bin\..\lib\jansi-native -Dmaven.multiModuleProjectDirectory=C:\Users\Juan Pérez\Documents\GitHub\CIMSYS 
java_command: org.codehaus.plexus.classworlds.launcher.Launcher -Dspring-boot.run.jvmArguments=-noverify -XX:TieredStopAtLevel=1 -Dspring-boot.run.mainClass=com.CIMSYS.CIMSYSApplication -Dexec.vmArgs= -Dexec.appArgs= -Dmaven.ext.class.path=C:\Program Files\NetBeans-12.6\netbeans\java\maven-nblib\netbeans-eventspy.jar -Dfile.encoding=UTF-8 spring-boot:run
java_class_path (initial): C:\Program Files\NetBeans-12.6\netbeans\java\maven\bin\..\boot\plexus-classworlds-2.6.0.jar
Launcher Type: SUN_STANDARD

[Global flags]
     intx CICompilerCount                          = 3                                         {product} {ergonomic}
     uint ConcGCThreads                            = 1                                         {product} {ergonomic}
     uint G1ConcRefinementThreads                  = 4                                         {product} {ergonomic}
   size_t G1HeapRegionSize                         = 1048576                                   {product} {ergonomic}
    uintx GCDrainStackTargetSize                   = 64                                        {product} {ergonomic}
   size_t InitialHeapSize                          = 125829120                                 {product} {ergonomic}
   size_t MarkStackSize                            = 4194304                                   {product} {ergonomic}
   size_t MaxHeapSize                              = 2002780160                                {product} {ergonomic}
   size_t MaxNewSize                               = 1201668096                                {product} {ergonomic}
   size_t MinHeapDeltaBytes                        = 1048576                                   {product} {ergonomic}
   size_t MinHeapSize                              = 8388608                                   {product} {ergonomic}
    uintx NonNMethodCodeHeapSize                   = 5832780                                {pd product} {ergonomic}
    uintx NonProfiledCodeHeapSize                  = 122912730                              {pd product} {ergonomic}
    uintx ProfiledCodeHeapSize                     = 122912730                              {pd product} {ergonomic}
    uintx ReservedCodeCacheSize                    = 251658240                              {pd product} {ergonomic}
     bool SegmentedCodeCache                       = true                                      {product} {ergonomic}
   size_t SoftMaxHeapSize                          = 2002780160                             {manageable} {ergonomic}
     bool UseCompressedClassPointers               = true                           {product lp64_product} {ergonomic}
     bool UseCompressedOops                        = true                           {product lp64_product} {ergonomic}
     bool UseG1GC                                  = true                                      {product} {ergonomic}
     bool UseLargePagesIndividualAllocation        = false                                  {pd product} {ergonomic}

Logging:
Log output configuration:
 #0: stdout all=warning uptime,level,tags
 #1: stderr all=off uptime,level,tags

Environment Variables:
JAVA_HOME=C:\Program Files\Java\jdk-17.0.2
PATH=C:\Program Files\Common Files\Oracle\Java\javapath;C:\WINDOWS\system32;C:\WINDOWS;C:\WINDOWS\System32\Wbem;C:\WINDOWS\System32\WindowsPowerShell\v1.0\;C:\WINDOWS\System32\OpenSSH\;C:\Program Files\dotnet\;C:\Program Files\Microsoft SQL Server\130\Tools\Binn\;C:\Program Files\Microsoft SQL Server\Client SDK\ODBC\170\Tools\Binn\;C:\Program Files\Git\cmd;C:\Program Files\MySQL\MySQL Shell 8.0\bin\;C:\Users\Juan Pérez\AppData\Local\Microsoft\WindowsApps;C:\Users\Juan Pérez\.dotnet\tools
USERNAME=Juan Pérez
OS=Windows_NT
PROCESSOR_IDENTIFIER=AMD64 Family 22 Model 0 Stepping 1, AuthenticAMD



---------------  S Y S T E M  ---------------

OS:
 Windows 10 , 64 bit Build 19041 (10.0.19041.1503)
OS uptime: 5 days 21:43 hours

CPU: total 4 (initial active 4) (4 cores per cpu, 1 threads per core) family 22 model 0 stepping 1 microcode 0x0, cx8, cmov, fxsr, mmx, 3dnowpref, sse, sse2, sse3, ssse3, sse4a, sse4.1, sse4.2, popcnt, lzcnt, tsc, tscinvbit, avx, aes, clmul, bmi1, vzeroupper, clflush

Memory: 4k page, system-wide physical 7637M (1694M free)
TotalPageFile size 9487M (AvailPageFile size 2M)
current process WorkingSet (physical memory assigned to process): 36M, peak: 36M
current process commit charge ("private bytes"): 196M, peak: 196M

vm_info: Java HotSpot(TM) 64-Bit Server VM (17.0.2+8-LTS-86) for windows-amd64 JRE (17.0.2+8-LTS-86), built on Dec  7 2021 21:51:03 by "mach5one" with MS VC++ 16.8 / 16.9 (VS2019)

END.
